DEBUG - 2025-12-22 03:26:35 --> Session: Class initialized using 'CodeIgniter\Session\Handlers\FileHandler' driver.
DEBUG - 2025-12-22 03:28:21 --> Session: Class initialized using 'CodeIgniter\Session\Handlers\FileHandler' driver.
DEBUG - 2025-12-22 03:28:23 --> Session: Class initialized using 'CodeIgniter\Session\Handlers\FileHandler' driver.
DEBUG - 2025-12-22 03:28:44 --> Session: Class initialized using 'CodeIgniter\Session\Handlers\FileHandler' driver.
DEBUG - 2025-12-22 03:31:33 --> Session: Class initialized using 'CodeIgniter\Session\Handlers\FileHandler' driver.
DEBUG - 2025-12-22 03:33:16 --> Session: Class initialized using 'CodeIgniter\Session\Handlers\FileHandler' driver.
DEBUG - 2025-12-22 03:33:17 --> Session: Class initialized using 'CodeIgniter\Session\Handlers\FileHandler' driver.
DEBUG - 2025-12-22 03:36:46 --> Session: Class initialized using 'CodeIgniter\Session\Handlers\FileHandler' driver.
DEBUG - 2025-12-22 03:36:56 --> Session: Class initialized using 'CodeIgniter\Session\Handlers\FileHandler' driver.
DEBUG - 2025-12-22 03:36:57 --> Session: Class initialized using 'CodeIgniter\Session\Handlers\FileHandler' driver.
DEBUG - 2025-12-22 03:37:24 --> Session: Class initialized using 'CodeIgniter\Session\Handlers\FileHandler' driver.
DEBUG - 2025-12-22 03:37:48 --> Session: Class initialized using 'CodeIgniter\Session\Handlers\FileHandler' driver.
DEBUG - 2025-12-22 03:38:24 --> Session: Class initialized using 'CodeIgniter\Session\Handlers\FileHandler' driver.
DEBUG - 2025-12-22 03:40:46 --> Session: Class initialized using 'CodeIgniter\Session\Handlers\FileHandler' driver.
DEBUG - 2025-12-22 03:40:53 --> Session: Class initialized using 'CodeIgniter\Session\Handlers\FileHandler' driver.
DEBUG - 2025-12-22 03:41:21 --> Session: Class initialized using 'CodeIgniter\Session\Handlers\FileHandler' driver.
DEBUG - 2025-12-22 03:41:29 --> Session: Class initialized using 'CodeIgniter\Session\Handlers\FileHandler' driver.
DEBUG - 2025-12-22 03:42:25 --> Session: Class initialized using 'CodeIgniter\Session\Handlers\FileHandler' driver.
DEBUG - 2025-12-22 03:42:26 --> Session: Class initialized using 'CodeIgniter\Session\Handlers\FileHandler' driver.
DEBUG - 2025-12-22 03:42:35 --> Session: Class initialized using 'CodeIgniter\Session\Handlers\FileHandler' driver.
DEBUG - 2025-12-22 03:43:01 --> Session: Class initialized using 'CodeIgniter\Session\Handlers\FileHandler' driver.
DEBUG - 2025-12-22 03:43:02 --> Session: Class initialized using 'CodeIgniter\Session\Handlers\FileHandler' driver.
DEBUG - 2025-12-22 03:45:12 --> Session: Class initialized using 'CodeIgniter\Session\Handlers\FileHandler' driver.
DEBUG - 2025-12-22 03:47:55 --> Session: Class initialized using 'CodeIgniter\Session\Handlers\FileHandler' driver.
DEBUG - 2025-12-22 03:48:08 --> Session: Class initialized using 'CodeIgniter\Session\Handlers\FileHandler' driver.
DEBUG - 2025-12-22 03:48:27 --> Session: Class initialized using 'CodeIgniter\Session\Handlers\FileHandler' driver.
DEBUG - 2025-12-22 03:48:51 --> Session: Class initialized using 'CodeIgniter\Session\Handlers\FileHandler' driver.
DEBUG - 2025-12-22 03:50:53 --> Session: Class initialized using 'CodeIgniter\Session\Handlers\FileHandler' driver.
DEBUG - 2025-12-22 03:51:03 --> Session: Class initialized using 'CodeIgniter\Session\Handlers\FileHandler' driver.
DEBUG - 2025-12-22 03:53:50 --> Session: Class initialized using 'CodeIgniter\Session\Handlers\FileHandler' driver.
DEBUG - 2025-12-22 06:46:20 --> Session: Class initialized using 'CodeIgniter\Session\Handlers\FileHandler' driver.
DEBUG - 2025-12-22 06:55:30 --> Session: Class initialized using 'CodeIgniter\Session\Handlers\FileHandler' driver.
WARNING - 2025-12-22 06:55:30 --> [DEPRECATED] Creation of dynamic property App\Controllers\Home::$dospemModel is deprecated in APPPATH\Controllers\Home.php on line 21.
 1 SYSTEMPATH\CodeIgniter.php(903): App\Controllers\Home->__construct()
 2 SYSTEMPATH\CodeIgniter.php(498): CodeIgniter\CodeIgniter->createController()
 3 SYSTEMPATH\CodeIgniter.php(354): CodeIgniter\CodeIgniter->handleRequest(null, Object(Config\Cache), false)
 4 SYSTEMPATH\Boot.php(363): CodeIgniter\CodeIgniter->run()
 5 SYSTEMPATH\Boot.php(68): CodeIgniter\Boot::runCodeIgniter(Object(CodeIgniter\CodeIgniter))
 6 FCPATH\index.php(59): CodeIgniter\Boot::bootWeb(Object(Config\Paths))
 7 SYSTEMPATH\rewrite.php(44): require_once('D:\\A_PERKULIAHAN\\SEMESTER 7\\SKRIPSI NADILA CANTIK\\CODING SIM MAGANG NADILA\\SIM MAGANG\\public\\index.php')
DEBUG - 2025-12-22 06:55:30 --> Session: Class initialized using 'CodeIgniter\Session\Handlers\FileHandler' driver.
DEBUG - 2025-12-22 06:55:40 --> Session: Class initialized using 'CodeIgniter\Session\Handlers\FileHandler' driver.
DEBUG - 2025-12-22 06:56:57 --> Session: Class initialized using 'CodeIgniter\Session\Handlers\FileHandler' driver.
DEBUG - 2025-12-22 06:56:57 --> Session: Class initialized using 'CodeIgniter\Session\Handlers\FileHandler' driver.
DEBUG - 2025-12-22 07:01:46 --> Session: Class initialized using 'CodeIgniter\Session\Handlers\FileHandler' driver.
DEBUG - 2025-12-22 07:04:56 --> Session: Class initialized using 'CodeIgniter\Session\Handlers\FileHandler' driver.
DEBUG - 2025-12-22 07:04:57 --> Session: Class initialized using 'CodeIgniter\Session\Handlers\FileHandler' driver.
DEBUG - 2025-12-22 07:05:12 --> Session: Class initialized using 'CodeIgniter\Session\Handlers\FileHandler' driver.
DEBUG - 2025-12-22 07:05:42 --> Session: Class initialized using 'CodeIgniter\Session\Handlers\FileHandler' driver.
DEBUG - 2025-12-22 07:05:42 --> Session: Class initialized using 'CodeIgniter\Session\Handlers\FileHandler' driver.
DEBUG - 2025-12-22 07:06:26 --> Session: Class initialized using 'CodeIgniter\Session\Handlers\FileHandler' driver.
DEBUG - 2025-12-22 07:06:56 --> Session: Class initialized using 'CodeIgniter\Session\Handlers\FileHandler' driver.
DEBUG - 2025-12-22 07:09:44 --> Session: Class initialized using 'CodeIgniter\Session\Handlers\FileHandler' driver.
DEBUG - 2025-12-22 07:10:10 --> Session: Class initialized using 'CodeIgniter\Session\Handlers\FileHandler' driver.
DEBUG - 2025-12-22 07:12:06 --> Session: Class initialized using 'CodeIgniter\Session\Handlers\FileHandler' driver.
DEBUG - 2025-12-22 07:12:25 --> Session: Class initialized using 'CodeIgniter\Session\Handlers\FileHandler' driver.
DEBUG - 2025-12-22 07:12:46 --> Session: Class initialized using 'CodeIgniter\Session\Handlers\FileHandler' driver.
DEBUG - 2025-12-22 07:12:56 --> Session: Class initialized using 'CodeIgniter\Session\Handlers\FileHandler' driver.
DEBUG - 2025-12-22 14:01:44 --> Session: Class initialized using 'CodeIgniter\Session\Handlers\FileHandler' driver.
DEBUG - 2025-12-22 14:01:57 --> Session: Class initialized using 'CodeIgniter\Session\Handlers\FileHandler' driver.
DEBUG - 2025-12-22 14:01:58 --> Session: Class initialized using 'CodeIgniter\Session\Handlers\FileHandler' driver.
DEBUG - 2025-12-22 14:02:04 --> Session: Class initialized using 'CodeIgniter\Session\Handlers\FileHandler' driver.
DEBUG - 2025-12-22 14:02:10 --> Session: Class initialized using 'CodeIgniter\Session\Handlers\FileHandler' driver.
DEBUG - 2025-12-22 14:05:23 --> Session: Class initialized using 'CodeIgniter\Session\Handlers\FileHandler' driver.
DEBUG - 2025-12-22 14:06:32 --> Session: Class initialized using 'CodeIgniter\Session\Handlers\FileHandler' driver.
DEBUG - 2025-12-22 14:27:02 --> Session: Class initialized using 'CodeIgniter\Session\Handlers\FileHandler' driver.
DEBUG - 2025-12-22 14:28:43 --> Session: Class initialized using 'CodeIgniter\Session\Handlers\FileHandler' driver.
DEBUG - 2025-12-22 14:29:44 --> Session: Class initialized using 'CodeIgniter\Session\Handlers\FileHandler' driver.
DEBUG - 2025-12-22 14:30:24 --> Session: Class initialized using 'CodeIgniter\Session\Handlers\FileHandler' driver.
DEBUG - 2025-12-22 14:36:11 --> Session: Class initialized using 'CodeIgniter\Session\Handlers\FileHandler' driver.
DEBUG - 2025-12-22 14:37:20 --> Session: Class initialized using 'CodeIgniter\Session\Handlers\FileHandler' driver.
ERROR - 2025-12-22 14:37:20 --> mysqli_sql_exception: Column 'id_nilai' cannot be null in D:\A_PERKULIAHAN\SEMESTER 7\SKRIPSI NADILA CANTIK\CODING SIM MAGANG NADILA\SIM MAGANG\system\Database\MySQLi\Connection.php:327
Stack trace:
#0 D:\A_PERKULIAHAN\SEMESTER 7\SKRIPSI NADILA CANTIK\CODING SIM MAGANG NADILA\SIM MAGANG\system\Database\MySQLi\Connection.php(327): mysqli->query('INSERT INTO `ko...', 0)
#1 D:\A_PERKULIAHAN\SEMESTER 7\SKRIPSI NADILA CANTIK\CODING SIM MAGANG NADILA\SIM MAGANG\system\Database\BaseConnection.php(729): CodeIgniter\Database\MySQLi\Connection->execute('INSERT INTO `ko...')
#2 D:\A_PERKULIAHAN\SEMESTER 7\SKRIPSI NADILA CANTIK\CODING SIM MAGANG NADILA\SIM MAGANG\system\Database\BaseConnection.php(646): CodeIgniter\Database\BaseConnection->simpleQuery('INSERT INTO `ko...')
#3 D:\A_PERKULIAHAN\SEMESTER 7\SKRIPSI NADILA CANTIK\CODING SIM MAGANG NADILA\SIM MAGANG\system\Database\BaseBuilder.php(2345): CodeIgniter\Database\BaseConnection->query('INSERT INTO `ko...', Array, false)
#4 D:\A_PERKULIAHAN\SEMESTER 7\SKRIPSI NADILA CANTIK\CODING SIM MAGANG NADILA\SIM MAGANG\system\Model.php(394): CodeIgniter\Database\BaseBuilder->insert()
#5 D:\A_PERKULIAHAN\SEMESTER 7\SKRIPSI NADILA CANTIK\CODING SIM MAGANG NADILA\SIM MAGANG\system\BaseModel.php(838): CodeIgniter\Model->doInsert(Array)
#6 D:\A_PERKULIAHAN\SEMESTER 7\SKRIPSI NADILA CANTIK\CODING SIM MAGANG NADILA\SIM MAGANG\system\Model.php(797): CodeIgniter\BaseModel->insert(Array, true)
#7 D:\A_PERKULIAHAN\SEMESTER 7\SKRIPSI NADILA CANTIK\CODING SIM MAGANG NADILA\SIM MAGANG\app\Controllers\KomponenNilai.php(116): CodeIgniter\Model->insert(Array)
#8 D:\A_PERKULIAHAN\SEMESTER 7\SKRIPSI NADILA CANTIK\CODING SIM MAGANG NADILA\SIM MAGANG\system\CodeIgniter.php(933): App\Controllers\KomponenNilai->save()
#9 D:\A_PERKULIAHAN\SEMESTER 7\SKRIPSI NADILA CANTIK\CODING SIM MAGANG NADILA\SIM MAGANG\system\CodeIgniter.php(507): CodeIgniter\CodeIgniter->runController(Object(App\Controllers\KomponenNilai))
#10 D:\A_PERKULIAHAN\SEMESTER 7\SKRIPSI NADILA CANTIK\CODING SIM MAGANG NADILA\SIM MAGANG\system\CodeIgniter.php(354): CodeIgniter\CodeIgniter->handleRequest(NULL, Object(Config\Cache), false)
#11 D:\A_PERKULIAHAN\SEMESTER 7\SKRIPSI NADILA CANTIK\CODING SIM MAGANG NADILA\SIM MAGANG\system\Boot.php(363): CodeIgniter\CodeIgniter->run()
#12 D:\A_PERKULIAHAN\SEMESTER 7\SKRIPSI NADILA CANTIK\CODING SIM MAGANG NADILA\SIM MAGANG\system\Boot.php(68): CodeIgniter\Boot::runCodeIgniter(Object(CodeIgniter\CodeIgniter))
#13 D:\A_PERKULIAHAN\SEMESTER 7\SKRIPSI NADILA CANTIK\CODING SIM MAGANG NADILA\SIM MAGANG\public\index.php(59): CodeIgniter\Boot::bootWeb(Object(Config\Paths))
#14 D:\A_PERKULIAHAN\SEMESTER 7\SKRIPSI NADILA CANTIK\CODING SIM MAGANG NADILA\SIM MAGANG\system\rewrite.php(44): require_once('D:\\A_PERKULIAHA...')
#15 {main}
ERROR - 2025-12-22 14:37:20 --> mysqli_sql_exception: Column 'id_nilai' cannot be null in D:\A_PERKULIAHAN\SEMESTER 7\SKRIPSI NADILA CANTIK\CODING SIM MAGANG NADILA\SIM MAGANG\system\Database\MySQLi\Connection.php:327
Stack trace:
#0 D:\A_PERKULIAHAN\SEMESTER 7\SKRIPSI NADILA CANTIK\CODING SIM MAGANG NADILA\SIM MAGANG\system\Database\MySQLi\Connection.php(327): mysqli->query('INSERT INTO `ko...', 0)
#1 D:\A_PERKULIAHAN\SEMESTER 7\SKRIPSI NADILA CANTIK\CODING SIM MAGANG NADILA\SIM MAGANG\system\Database\BaseConnection.php(729): CodeIgniter\Database\MySQLi\Connection->execute('INSERT INTO `ko...')
#2 D:\A_PERKULIAHAN\SEMESTER 7\SKRIPSI NADILA CANTIK\CODING SIM MAGANG NADILA\SIM MAGANG\system\Database\BaseConnection.php(646): CodeIgniter\Database\BaseConnection->simpleQuery('INSERT INTO `ko...')
#3 D:\A_PERKULIAHAN\SEMESTER 7\SKRIPSI NADILA CANTIK\CODING SIM MAGANG NADILA\SIM MAGANG\system\Database\BaseBuilder.php(2345): CodeIgniter\Database\BaseConnection->query('INSERT INTO `ko...', Array, false)
#4 D:\A_PERKULIAHAN\SEMESTER 7\SKRIPSI NADILA CANTIK\CODING SIM MAGANG NADILA\SIM MAGANG\system\Model.php(394): CodeIgniter\Database\BaseBuilder->insert()
#5 D:\A_PERKULIAHAN\SEMESTER 7\SKRIPSI NADILA CANTIK\CODING SIM MAGANG NADILA\SIM MAGANG\system\BaseModel.php(838): CodeIgniter\Model->doInsert(Array)
#6 D:\A_PERKULIAHAN\SEMESTER 7\SKRIPSI NADILA CANTIK\CODING SIM MAGANG NADILA\SIM MAGANG\system\Model.php(797): CodeIgniter\BaseModel->insert(Array, true)
#7 D:\A_PERKULIAHAN\SEMESTER 7\SKRIPSI NADILA CANTIK\CODING SIM MAGANG NADILA\SIM MAGANG\app\Controllers\KomponenNilai.php(116): CodeIgniter\Model->insert(Array)
#8 D:\A_PERKULIAHAN\SEMESTER 7\SKRIPSI NADILA CANTIK\CODING SIM MAGANG NADILA\SIM MAGANG\system\CodeIgniter.php(933): App\Controllers\KomponenNilai->save()
#9 D:\A_PERKULIAHAN\SEMESTER 7\SKRIPSI NADILA CANTIK\CODING SIM MAGANG NADILA\SIM MAGANG\system\CodeIgniter.php(507): CodeIgniter\CodeIgniter->runController(Object(App\Controllers\KomponenNilai))
#10 D:\A_PERKULIAHAN\SEMESTER 7\SKRIPSI NADILA CANTIK\CODING SIM MAGANG NADILA\SIM MAGANG\system\CodeIgniter.php(354): CodeIgniter\CodeIgniter->handleRequest(NULL, Object(Config\Cache), false)
#11 D:\A_PERKULIAHAN\SEMESTER 7\SKRIPSI NADILA CANTIK\CODING SIM MAGANG NADILA\SIM MAGANG\system\Boot.php(363): CodeIgniter\CodeIgniter->run()
#12 D:\A_PERKULIAHAN\SEMESTER 7\SKRIPSI NADILA CANTIK\CODING SIM MAGANG NADILA\SIM MAGANG\system\Boot.php(68): CodeIgniter\Boot::runCodeIgniter(Object(CodeIgniter\CodeIgniter))
#13 D:\A_PERKULIAHAN\SEMESTER 7\SKRIPSI NADILA CANTIK\CODING SIM MAGANG NADILA\SIM MAGANG\public\index.php(59): CodeIgniter\Boot::bootWeb(Object(Config\Paths))
#14 D:\A_PERKULIAHAN\SEMESTER 7\SKRIPSI NADILA CANTIK\CODING SIM MAGANG NADILA\SIM MAGANG\system\rewrite.php(44): require_once('D:\\A_PERKULIAHA...')
#15 {main}
ERROR - 2025-12-22 14:37:20 --> Transaksi database gagal.
DEBUG - 2025-12-22 14:40:52 --> Session: Class initialized using 'CodeIgniter\Session\Handlers\FileHandler' driver.
DEBUG - 2025-12-22 14:45:04 --> Session: Class initialized using 'CodeIgniter\Session\Handlers\FileHandler' driver.
ERROR - 2025-12-22 14:45:04 --> mysqli_sql_exception: Column 'id_nilai' cannot be null in D:\A_PERKULIAHAN\SEMESTER 7\SKRIPSI NADILA CANTIK\CODING SIM MAGANG NADILA\SIM MAGANG\system\Database\MySQLi\Connection.php:327
Stack trace:
#0 D:\A_PERKULIAHAN\SEMESTER 7\SKRIPSI NADILA CANTIK\CODING SIM MAGANG NADILA\SIM MAGANG\system\Database\MySQLi\Connection.php(327): mysqli->query('INSERT INTO `ko...', 0)
#1 D:\A_PERKULIAHAN\SEMESTER 7\SKRIPSI NADILA CANTIK\CODING SIM MAGANG NADILA\SIM MAGANG\system\Database\BaseConnection.php(729): CodeIgniter\Database\MySQLi\Connection->execute('INSERT INTO `ko...')
#2 D:\A_PERKULIAHAN\SEMESTER 7\SKRIPSI NADILA CANTIK\CODING SIM MAGANG NADILA\SIM MAGANG\system\Database\BaseConnection.php(646): CodeIgniter\Database\BaseConnection->simpleQuery('INSERT INTO `ko...')
#3 D:\A_PERKULIAHAN\SEMESTER 7\SKRIPSI NADILA CANTIK\CODING SIM MAGANG NADILA\SIM MAGANG\system\Database\BaseBuilder.php(2345): CodeIgniter\Database\BaseConnection->query('INSERT INTO `ko...', Array, false)
#4 D:\A_PERKULIAHAN\SEMESTER 7\SKRIPSI NADILA CANTIK\CODING SIM MAGANG NADILA\SIM MAGANG\system\Model.php(394): CodeIgniter\Database\BaseBuilder->insert()
#5 D:\A_PERKULIAHAN\SEMESTER 7\SKRIPSI NADILA CANTIK\CODING SIM MAGANG NADILA\SIM MAGANG\system\BaseModel.php(838): CodeIgniter\Model->doInsert(Array)
#6 D:\A_PERKULIAHAN\SEMESTER 7\SKRIPSI NADILA CANTIK\CODING SIM MAGANG NADILA\SIM MAGANG\system\Model.php(797): CodeIgniter\BaseModel->insert(Array, true)
#7 D:\A_PERKULIAHAN\SEMESTER 7\SKRIPSI NADILA CANTIK\CODING SIM MAGANG NADILA\SIM MAGANG\app\Controllers\KomponenNilai.php(117): CodeIgniter\Model->insert(Array)
#8 D:\A_PERKULIAHAN\SEMESTER 7\SKRIPSI NADILA CANTIK\CODING SIM MAGANG NADILA\SIM MAGANG\system\CodeIgniter.php(933): App\Controllers\KomponenNilai->save()
#9 D:\A_PERKULIAHAN\SEMESTER 7\SKRIPSI NADILA CANTIK\CODING SIM MAGANG NADILA\SIM MAGANG\system\CodeIgniter.php(507): CodeIgniter\CodeIgniter->runController(Object(App\Controllers\KomponenNilai))
#10 D:\A_PERKULIAHAN\SEMESTER 7\SKRIPSI NADILA CANTIK\CODING SIM MAGANG NADILA\SIM MAGANG\system\CodeIgniter.php(354): CodeIgniter\CodeIgniter->handleRequest(NULL, Object(Config\Cache), false)
#11 D:\A_PERKULIAHAN\SEMESTER 7\SKRIPSI NADILA CANTIK\CODING SIM MAGANG NADILA\SIM MAGANG\system\Boot.php(363): CodeIgniter\CodeIgniter->run()
#12 D:\A_PERKULIAHAN\SEMESTER 7\SKRIPSI NADILA CANTIK\CODING SIM MAGANG NADILA\SIM MAGANG\system\Boot.php(68): CodeIgniter\Boot::runCodeIgniter(Object(CodeIgniter\CodeIgniter))
#13 D:\A_PERKULIAHAN\SEMESTER 7\SKRIPSI NADILA CANTIK\CODING SIM MAGANG NADILA\SIM MAGANG\public\index.php(59): CodeIgniter\Boot::bootWeb(Object(Config\Paths))
#14 D:\A_PERKULIAHAN\SEMESTER 7\SKRIPSI NADILA CANTIK\CODING SIM MAGANG NADILA\SIM MAGANG\system\rewrite.php(44): require_once('D:\\A_PERKULIAHA...')
#15 {main}
ERROR - 2025-12-22 14:45:04 --> mysqli_sql_exception: Column 'id_nilai' cannot be null in D:\A_PERKULIAHAN\SEMESTER 7\SKRIPSI NADILA CANTIK\CODING SIM MAGANG NADILA\SIM MAGANG\system\Database\MySQLi\Connection.php:327
Stack trace:
#0 D:\A_PERKULIAHAN\SEMESTER 7\SKRIPSI NADILA CANTIK\CODING SIM MAGANG NADILA\SIM MAGANG\system\Database\MySQLi\Connection.php(327): mysqli->query('INSERT INTO `ko...', 0)
#1 D:\A_PERKULIAHAN\SEMESTER 7\SKRIPSI NADILA CANTIK\CODING SIM MAGANG NADILA\SIM MAGANG\system\Database\BaseConnection.php(729): CodeIgniter\Database\MySQLi\Connection->execute('INSERT INTO `ko...')
#2 D:\A_PERKULIAHAN\SEMESTER 7\SKRIPSI NADILA CANTIK\CODING SIM MAGANG NADILA\SIM MAGANG\system\Database\BaseConnection.php(646): CodeIgniter\Database\BaseConnection->simpleQuery('INSERT INTO `ko...')
#3 D:\A_PERKULIAHAN\SEMESTER 7\SKRIPSI NADILA CANTIK\CODING SIM MAGANG NADILA\SIM MAGANG\system\Database\BaseBuilder.php(2345): CodeIgniter\Database\BaseConnection->query('INSERT INTO `ko...', Array, false)
#4 D:\A_PERKULIAHAN\SEMESTER 7\SKRIPSI NADILA CANTIK\CODING SIM MAGANG NADILA\SIM MAGANG\system\Model.php(394): CodeIgniter\Database\BaseBuilder->insert()
#5 D:\A_PERKULIAHAN\SEMESTER 7\SKRIPSI NADILA CANTIK\CODING SIM MAGANG NADILA\SIM MAGANG\system\BaseModel.php(838): CodeIgniter\Model->doInsert(Array)
#6 D:\A_PERKULIAHAN\SEMESTER 7\SKRIPSI NADILA CANTIK\CODING SIM MAGANG NADILA\SIM MAGANG\system\Model.php(797): CodeIgniter\BaseModel->insert(Array, true)
#7 D:\A_PERKULIAHAN\SEMESTER 7\SKRIPSI NADILA CANTIK\CODING SIM MAGANG NADILA\SIM MAGANG\app\Controllers\KomponenNilai.php(117): CodeIgniter\Model->insert(Array)
#8 D:\A_PERKULIAHAN\SEMESTER 7\SKRIPSI NADILA CANTIK\CODING SIM MAGANG NADILA\SIM MAGANG\system\CodeIgniter.php(933): App\Controllers\KomponenNilai->save()
#9 D:\A_PERKULIAHAN\SEMESTER 7\SKRIPSI NADILA CANTIK\CODING SIM MAGANG NADILA\SIM MAGANG\system\CodeIgniter.php(507): CodeIgniter\CodeIgniter->runController(Object(App\Controllers\KomponenNilai))
#10 D:\A_PERKULIAHAN\SEMESTER 7\SKRIPSI NADILA CANTIK\CODING SIM MAGANG NADILA\SIM MAGANG\system\CodeIgniter.php(354): CodeIgniter\CodeIgniter->handleRequest(NULL, Object(Config\Cache), false)
#11 D:\A_PERKULIAHAN\SEMESTER 7\SKRIPSI NADILA CANTIK\CODING SIM MAGANG NADILA\SIM MAGANG\system\Boot.php(363): CodeIgniter\CodeIgniter->run()
#12 D:\A_PERKULIAHAN\SEMESTER 7\SKRIPSI NADILA CANTIK\CODING SIM MAGANG NADILA\SIM MAGANG\system\Boot.php(68): CodeIgniter\Boot::runCodeIgniter(Object(CodeIgniter\CodeIgniter))
#13 D:\A_PERKULIAHAN\SEMESTER 7\SKRIPSI NADILA CANTIK\CODING SIM MAGANG NADILA\SIM MAGANG\public\index.php(59): CodeIgniter\Boot::bootWeb(Object(Config\Paths))
#14 D:\A_PERKULIAHAN\SEMESTER 7\SKRIPSI NADILA CANTIK\CODING SIM MAGANG NADILA\SIM MAGANG\system\rewrite.php(44): require_once('D:\\A_PERKULIAHA...')
#15 {main}
ERROR - 2025-12-22 14:45:04 --> Transaksi database gagal.
DEBUG - 2025-12-22 14:45:08 --> Session: Class initialized using 'CodeIgniter\Session\Handlers\FileHandler' driver.
DEBUG - 2025-12-22 14:45:55 --> Session: Class initialized using 'CodeIgniter\Session\Handlers\FileHandler' driver.
ERROR - 2025-12-22 14:45:55 --> mysqli_sql_exception: Column 'id_nilai' cannot be null in D:\A_PERKULIAHAN\SEMESTER 7\SKRIPSI NADILA CANTIK\CODING SIM MAGANG NADILA\SIM MAGANG\system\Database\MySQLi\Connection.php:327
Stack trace:
#0 D:\A_PERKULIAHAN\SEMESTER 7\SKRIPSI NADILA CANTIK\CODING SIM MAGANG NADILA\SIM MAGANG\system\Database\MySQLi\Connection.php(327): mysqli->query('INSERT INTO `ko...', 0)
#1 D:\A_PERKULIAHAN\SEMESTER 7\SKRIPSI NADILA CANTIK\CODING SIM MAGANG NADILA\SIM MAGANG\system\Database\BaseConnection.php(729): CodeIgniter\Database\MySQLi\Connection->execute('INSERT INTO `ko...')
#2 D:\A_PERKULIAHAN\SEMESTER 7\SKRIPSI NADILA CANTIK\CODING SIM MAGANG NADILA\SIM MAGANG\system\Database\BaseConnection.php(646): CodeIgniter\Database\BaseConnection->simpleQuery('INSERT INTO `ko...')
#3 D:\A_PERKULIAHAN\SEMESTER 7\SKRIPSI NADILA CANTIK\CODING SIM MAGANG NADILA\SIM MAGANG\system\Database\BaseBuilder.php(2345): CodeIgniter\Database\BaseConnection->query('INSERT INTO `ko...', Array, false)
#4 D:\A_PERKULIAHAN\SEMESTER 7\SKRIPSI NADILA CANTIK\CODING SIM MAGANG NADILA\SIM MAGANG\system\Model.php(394): CodeIgniter\Database\BaseBuilder->insert()
#5 D:\A_PERKULIAHAN\SEMESTER 7\SKRIPSI NADILA CANTIK\CODING SIM MAGANG NADILA\SIM MAGANG\system\BaseModel.php(838): CodeIgniter\Model->doInsert(Array)
#6 D:\A_PERKULIAHAN\SEMESTER 7\SKRIPSI NADILA CANTIK\CODING SIM MAGANG NADILA\SIM MAGANG\system\Model.php(797): CodeIgniter\BaseModel->insert(Array, true)
#7 D:\A_PERKULIAHAN\SEMESTER 7\SKRIPSI NADILA CANTIK\CODING SIM MAGANG NADILA\SIM MAGANG\app\Controllers\KomponenNilai.php(117): CodeIgniter\Model->insert(Array)
#8 D:\A_PERKULIAHAN\SEMESTER 7\SKRIPSI NADILA CANTIK\CODING SIM MAGANG NADILA\SIM MAGANG\system\CodeIgniter.php(933): App\Controllers\KomponenNilai->save()
#9 D:\A_PERKULIAHAN\SEMESTER 7\SKRIPSI NADILA CANTIK\CODING SIM MAGANG NADILA\SIM MAGANG\system\CodeIgniter.php(507): CodeIgniter\CodeIgniter->runController(Object(App\Controllers\KomponenNilai))
#10 D:\A_PERKULIAHAN\SEMESTER 7\SKRIPSI NADILA CANTIK\CODING SIM MAGANG NADILA\SIM MAGANG\system\CodeIgniter.php(354): CodeIgniter\CodeIgniter->handleRequest(NULL, Object(Config\Cache), false)
#11 D:\A_PERKULIAHAN\SEMESTER 7\SKRIPSI NADILA CANTIK\CODING SIM MAGANG NADILA\SIM MAGANG\system\Boot.php(363): CodeIgniter\CodeIgniter->run()
#12 D:\A_PERKULIAHAN\SEMESTER 7\SKRIPSI NADILA CANTIK\CODING SIM MAGANG NADILA\SIM MAGANG\system\Boot.php(68): CodeIgniter\Boot::runCodeIgniter(Object(CodeIgniter\CodeIgniter))
#13 D:\A_PERKULIAHAN\SEMESTER 7\SKRIPSI NADILA CANTIK\CODING SIM MAGANG NADILA\SIM MAGANG\public\index.php(59): CodeIgniter\Boot::bootWeb(Object(Config\Paths))
#14 D:\A_PERKULIAHAN\SEMESTER 7\SKRIPSI NADILA CANTIK\CODING SIM MAGANG NADILA\SIM MAGANG\system\rewrite.php(44): require_once('D:\\A_PERKULIAHA...')
#15 {main}
ERROR - 2025-12-22 14:45:55 --> mysqli_sql_exception: Column 'id_nilai' cannot be null in D:\A_PERKULIAHAN\SEMESTER 7\SKRIPSI NADILA CANTIK\CODING SIM MAGANG NADILA\SIM MAGANG\system\Database\MySQLi\Connection.php:327
Stack trace:
#0 D:\A_PERKULIAHAN\SEMESTER 7\SKRIPSI NADILA CANTIK\CODING SIM MAGANG NADILA\SIM MAGANG\system\Database\MySQLi\Connection.php(327): mysqli->query('INSERT INTO `ko...', 0)
#1 D:\A_PERKULIAHAN\SEMESTER 7\SKRIPSI NADILA CANTIK\CODING SIM MAGANG NADILA\SIM MAGANG\system\Database\BaseConnection.php(729): CodeIgniter\Database\MySQLi\Connection->execute('INSERT INTO `ko...')
#2 D:\A_PERKULIAHAN\SEMESTER 7\SKRIPSI NADILA CANTIK\CODING SIM MAGANG NADILA\SIM MAGANG\system\Database\BaseConnection.php(646): CodeIgniter\Database\BaseConnection->simpleQuery('INSERT INTO `ko...')
#3 D:\A_PERKULIAHAN\SEMESTER 7\SKRIPSI NADILA CANTIK\CODING SIM MAGANG NADILA\SIM MAGANG\system\Database\BaseBuilder.php(2345): CodeIgniter\Database\BaseConnection->query('INSERT INTO `ko...', Array, false)
#4 D:\A_PERKULIAHAN\SEMESTER 7\SKRIPSI NADILA CANTIK\CODING SIM MAGANG NADILA\SIM MAGANG\system\Model.php(394): CodeIgniter\Database\BaseBuilder->insert()
#5 D:\A_PERKULIAHAN\SEMESTER 7\SKRIPSI NADILA CANTIK\CODING SIM MAGANG NADILA\SIM MAGANG\system\BaseModel.php(838): CodeIgniter\Model->doInsert(Array)
#6 D:\A_PERKULIAHAN\SEMESTER 7\SKRIPSI NADILA CANTIK\CODING SIM MAGANG NADILA\SIM MAGANG\system\Model.php(797): CodeIgniter\BaseModel->insert(Array, true)
#7 D:\A_PERKULIAHAN\SEMESTER 7\SKRIPSI NADILA CANTIK\CODING SIM MAGANG NADILA\SIM MAGANG\app\Controllers\KomponenNilai.php(117): CodeIgniter\Model->insert(Array)
#8 D:\A_PERKULIAHAN\SEMESTER 7\SKRIPSI NADILA CANTIK\CODING SIM MAGANG NADILA\SIM MAGANG\system\CodeIgniter.php(933): App\Controllers\KomponenNilai->save()
#9 D:\A_PERKULIAHAN\SEMESTER 7\SKRIPSI NADILA CANTIK\CODING SIM MAGANG NADILA\SIM MAGANG\system\CodeIgniter.php(507): CodeIgniter\CodeIgniter->runController(Object(App\Controllers\KomponenNilai))
#10 D:\A_PERKULIAHAN\SEMESTER 7\SKRIPSI NADILA CANTIK\CODING SIM MAGANG NADILA\SIM MAGANG\system\CodeIgniter.php(354): CodeIgniter\CodeIgniter->handleRequest(NULL, Object(Config\Cache), false)
#11 D:\A_PERKULIAHAN\SEMESTER 7\SKRIPSI NADILA CANTIK\CODING SIM MAGANG NADILA\SIM MAGANG\system\Boot.php(363): CodeIgniter\CodeIgniter->run()
#12 D:\A_PERKULIAHAN\SEMESTER 7\SKRIPSI NADILA CANTIK\CODING SIM MAGANG NADILA\SIM MAGANG\system\Boot.php(68): CodeIgniter\Boot::runCodeIgniter(Object(CodeIgniter\CodeIgniter))
#13 D:\A_PERKULIAHAN\SEMESTER 7\SKRIPSI NADILA CANTIK\CODING SIM MAGANG NADILA\SIM MAGANG\public\index.php(59): CodeIgniter\Boot::bootWeb(Object(Config\Paths))
#14 D:\A_PERKULIAHAN\SEMESTER 7\SKRIPSI NADILA CANTIK\CODING SIM MAGANG NADILA\SIM MAGANG\system\rewrite.php(44): require_once('D:\\A_PERKULIAHA...')
#15 {main}
ERROR - 2025-12-22 14:45:55 --> Transaksi database gagal.
DEBUG - 2025-12-22 14:46:35 --> Session: Class initialized using 'CodeIgniter\Session\Handlers\FileHandler' driver.
DEBUG - 2025-12-22 14:46:54 --> Session: Class initialized using 'CodeIgniter\Session\Handlers\FileHandler' driver.
DEBUG - 2025-12-22 14:46:55 --> Session: Class initialized using 'CodeIgniter\Session\Handlers\FileHandler' driver.
DEBUG - 2025-12-22 14:47:06 --> Session: Class initialized using 'CodeIgniter\Session\Handlers\FileHandler' driver.
DEBUG - 2025-12-22 14:47:06 --> Session: Class initialized using 'CodeIgniter\Session\Handlers\FileHandler' driver.
DEBUG - 2025-12-22 14:49:58 --> Session: Class initialized using 'CodeIgniter\Session\Handlers\FileHandler' driver.
DEBUG - 2025-12-22 14:50:33 --> Session: Class initialized using 'CodeIgniter\Session\Handlers\FileHandler' driver.
ERROR - 2025-12-22 14:50:33 --> mysqli_sql_exception: Column 'id_nilai' cannot be null in D:\A_PERKULIAHAN\SEMESTER 7\SKRIPSI NADILA CANTIK\CODING SIM MAGANG NADILA\SIM MAGANG\system\Database\MySQLi\Connection.php:327
Stack trace:
#0 D:\A_PERKULIAHAN\SEMESTER 7\SKRIPSI NADILA CANTIK\CODING SIM MAGANG NADILA\SIM MAGANG\system\Database\MySQLi\Connection.php(327): mysqli->query('INSERT INTO `ko...', 0)
#1 D:\A_PERKULIAHAN\SEMESTER 7\SKRIPSI NADILA CANTIK\CODING SIM MAGANG NADILA\SIM MAGANG\system\Database\BaseConnection.php(729): CodeIgniter\Database\MySQLi\Connection->execute('INSERT INTO `ko...')
#2 D:\A_PERKULIAHAN\SEMESTER 7\SKRIPSI NADILA CANTIK\CODING SIM MAGANG NADILA\SIM MAGANG\system\Database\BaseConnection.php(646): CodeIgniter\Database\BaseConnection->simpleQuery('INSERT INTO `ko...')
#3 D:\A_PERKULIAHAN\SEMESTER 7\SKRIPSI NADILA CANTIK\CODING SIM MAGANG NADILA\SIM MAGANG\system\Database\BaseBuilder.php(2345): CodeIgniter\Database\BaseConnection->query('INSERT INTO `ko...', Array, false)
#4 D:\A_PERKULIAHAN\SEMESTER 7\SKRIPSI NADILA CANTIK\CODING SIM MAGANG NADILA\SIM MAGANG\system\Model.php(394): CodeIgniter\Database\BaseBuilder->insert()
#5 D:\A_PERKULIAHAN\SEMESTER 7\SKRIPSI NADILA CANTIK\CODING SIM MAGANG NADILA\SIM MAGANG\system\BaseModel.php(838): CodeIgniter\Model->doInsert(Array)
#6 D:\A_PERKULIAHAN\SEMESTER 7\SKRIPSI NADILA CANTIK\CODING SIM MAGANG NADILA\SIM MAGANG\system\Model.php(797): CodeIgniter\BaseModel->insert(Array, true)
#7 D:\A_PERKULIAHAN\SEMESTER 7\SKRIPSI NADILA CANTIK\CODING SIM MAGANG NADILA\SIM MAGANG\app\Controllers\KomponenNilai.php(126): CodeIgniter\Model->insert(Array)
#8 D:\A_PERKULIAHAN\SEMESTER 7\SKRIPSI NADILA CANTIK\CODING SIM MAGANG NADILA\SIM MAGANG\system\CodeIgniter.php(933): App\Controllers\KomponenNilai->save()
#9 D:\A_PERKULIAHAN\SEMESTER 7\SKRIPSI NADILA CANTIK\CODING SIM MAGANG NADILA\SIM MAGANG\system\CodeIgniter.php(507): CodeIgniter\CodeIgniter->runController(Object(App\Controllers\KomponenNilai))
#10 D:\A_PERKULIAHAN\SEMESTER 7\SKRIPSI NADILA CANTIK\CODING SIM MAGANG NADILA\SIM MAGANG\system\CodeIgniter.php(354): CodeIgniter\CodeIgniter->handleRequest(NULL, Object(Config\Cache), false)
#11 D:\A_PERKULIAHAN\SEMESTER 7\SKRIPSI NADILA CANTIK\CODING SIM MAGANG NADILA\SIM MAGANG\system\Boot.php(363): CodeIgniter\CodeIgniter->run()
#12 D:\A_PERKULIAHAN\SEMESTER 7\SKRIPSI NADILA CANTIK\CODING SIM MAGANG NADILA\SIM MAGANG\system\Boot.php(68): CodeIgniter\Boot::runCodeIgniter(Object(CodeIgniter\CodeIgniter))
#13 D:\A_PERKULIAHAN\SEMESTER 7\SKRIPSI NADILA CANTIK\CODING SIM MAGANG NADILA\SIM MAGANG\public\index.php(59): CodeIgniter\Boot::bootWeb(Object(Config\Paths))
#14 D:\A_PERKULIAHAN\SEMESTER 7\SKRIPSI NADILA CANTIK\CODING SIM MAGANG NADILA\SIM MAGANG\system\rewrite.php(44): require_once('D:\\A_PERKULIAHA...')
#15 {main}
ERROR - 2025-12-22 14:50:33 --> mysqli_sql_exception: Column 'id_nilai' cannot be null in D:\A_PERKULIAHAN\SEMESTER 7\SKRIPSI NADILA CANTIK\CODING SIM MAGANG NADILA\SIM MAGANG\system\Database\MySQLi\Connection.php:327
Stack trace:
#0 D:\A_PERKULIAHAN\SEMESTER 7\SKRIPSI NADILA CANTIK\CODING SIM MAGANG NADILA\SIM MAGANG\system\Database\MySQLi\Connection.php(327): mysqli->query('INSERT INTO `ko...', 0)
#1 D:\A_PERKULIAHAN\SEMESTER 7\SKRIPSI NADILA CANTIK\CODING SIM MAGANG NADILA\SIM MAGANG\system\Database\BaseConnection.php(729): CodeIgniter\Database\MySQLi\Connection->execute('INSERT INTO `ko...')
#2 D:\A_PERKULIAHAN\SEMESTER 7\SKRIPSI NADILA CANTIK\CODING SIM MAGANG NADILA\SIM MAGANG\system\Database\BaseConnection.php(646): CodeIgniter\Database\BaseConnection->simpleQuery('INSERT INTO `ko...')
#3 D:\A_PERKULIAHAN\SEMESTER 7\SKRIPSI NADILA CANTIK\CODING SIM MAGANG NADILA\SIM MAGANG\system\Database\BaseBuilder.php(2345): CodeIgniter\Database\BaseConnection->query('INSERT INTO `ko...', Array, false)
#4 D:\A_PERKULIAHAN\SEMESTER 7\SKRIPSI NADILA CANTIK\CODING SIM MAGANG NADILA\SIM MAGANG\system\Model.php(394): CodeIgniter\Database\BaseBuilder->insert()
#5 D:\A_PERKULIAHAN\SEMESTER 7\SKRIPSI NADILA CANTIK\CODING SIM MAGANG NADILA\SIM MAGANG\system\BaseModel.php(838): CodeIgniter\Model->doInsert(Array)
#6 D:\A_PERKULIAHAN\SEMESTER 7\SKRIPSI NADILA CANTIK\CODING SIM MAGANG NADILA\SIM MAGANG\system\Model.php(797): CodeIgniter\BaseModel->insert(Array, true)
#7 D:\A_PERKULIAHAN\SEMESTER 7\SKRIPSI NADILA CANTIK\CODING SIM MAGANG NADILA\SIM MAGANG\app\Controllers\KomponenNilai.php(126): CodeIgniter\Model->insert(Array)
#8 D:\A_PERKULIAHAN\SEMESTER 7\SKRIPSI NADILA CANTIK\CODING SIM MAGANG NADILA\SIM MAGANG\system\CodeIgniter.php(933): App\Controllers\KomponenNilai->save()
#9 D:\A_PERKULIAHAN\SEMESTER 7\SKRIPSI NADILA CANTIK\CODING SIM MAGANG NADILA\SIM MAGANG\system\CodeIgniter.php(507): CodeIgniter\CodeIgniter->runController(Object(App\Controllers\KomponenNilai))
#10 D:\A_PERKULIAHAN\SEMESTER 7\SKRIPSI NADILA CANTIK\CODING SIM MAGANG NADILA\SIM MAGANG\system\CodeIgniter.php(354): CodeIgniter\CodeIgniter->handleRequest(NULL, Object(Config\Cache), false)
#11 D:\A_PERKULIAHAN\SEMESTER 7\SKRIPSI NADILA CANTIK\CODING SIM MAGANG NADILA\SIM MAGANG\system\Boot.php(363): CodeIgniter\CodeIgniter->run()
#12 D:\A_PERKULIAHAN\SEMESTER 7\SKRIPSI NADILA CANTIK\CODING SIM MAGANG NADILA\SIM MAGANG\system\Boot.php(68): CodeIgniter\Boot::runCodeIgniter(Object(CodeIgniter\CodeIgniter))
#13 D:\A_PERKULIAHAN\SEMESTER 7\SKRIPSI NADILA CANTIK\CODING SIM MAGANG NADILA\SIM MAGANG\public\index.php(59): CodeIgniter\Boot::bootWeb(Object(Config\Paths))
#14 D:\A_PERKULIAHAN\SEMESTER 7\SKRIPSI NADILA CANTIK\CODING SIM MAGANG NADILA\SIM MAGANG\system\rewrite.php(44): require_once('D:\\A_PERKULIAHA...')
#15 {main}
ERROR - 2025-12-22 14:50:33 --> Transaksi database gagal.
DEBUG - 2025-12-22 14:50:37 --> Session: Class initialized using 'CodeIgniter\Session\Handlers\FileHandler' driver.
ERROR - 2025-12-22 14:50:37 --> mysqli_sql_exception: Column 'id_nilai' cannot be null in D:\A_PERKULIAHAN\SEMESTER 7\SKRIPSI NADILA CANTIK\CODING SIM MAGANG NADILA\SIM MAGANG\system\Database\MySQLi\Connection.php:327
Stack trace:
#0 D:\A_PERKULIAHAN\SEMESTER 7\SKRIPSI NADILA CANTIK\CODING SIM MAGANG NADILA\SIM MAGANG\system\Database\MySQLi\Connection.php(327): mysqli->query('INSERT INTO `ko...', 0)
#1 D:\A_PERKULIAHAN\SEMESTER 7\SKRIPSI NADILA CANTIK\CODING SIM MAGANG NADILA\SIM MAGANG\system\Database\BaseConnection.php(729): CodeIgniter\Database\MySQLi\Connection->execute('INSERT INTO `ko...')
#2 D:\A_PERKULIAHAN\SEMESTER 7\SKRIPSI NADILA CANTIK\CODING SIM MAGANG NADILA\SIM MAGANG\system\Database\BaseConnection.php(646): CodeIgniter\Database\BaseConnection->simpleQuery('INSERT INTO `ko...')
#3 D:\A_PERKULIAHAN\SEMESTER 7\SKRIPSI NADILA CANTIK\CODING SIM MAGANG NADILA\SIM MAGANG\system\Database\BaseBuilder.php(2345): CodeIgniter\Database\BaseConnection->query('INSERT INTO `ko...', Array, false)
#4 D:\A_PERKULIAHAN\SEMESTER 7\SKRIPSI NADILA CANTIK\CODING SIM MAGANG NADILA\SIM MAGANG\system\Model.php(394): CodeIgniter\Database\BaseBuilder->insert()
#5 D:\A_PERKULIAHAN\SEMESTER 7\SKRIPSI NADILA CANTIK\CODING SIM MAGANG NADILA\SIM MAGANG\system\BaseModel.php(838): CodeIgniter\Model->doInsert(Array)
#6 D:\A_PERKULIAHAN\SEMESTER 7\SKRIPSI NADILA CANTIK\CODING SIM MAGANG NADILA\SIM MAGANG\system\Model.php(797): CodeIgniter\BaseModel->insert(Array, true)
#7 D:\A_PERKULIAHAN\SEMESTER 7\SKRIPSI NADILA CANTIK\CODING SIM MAGANG NADILA\SIM MAGANG\app\Controllers\KomponenNilai.php(126): CodeIgniter\Model->insert(Array)
#8 D:\A_PERKULIAHAN\SEMESTER 7\SKRIPSI NADILA CANTIK\CODING SIM MAGANG NADILA\SIM MAGANG\system\CodeIgniter.php(933): App\Controllers\KomponenNilai->save()
#9 D:\A_PERKULIAHAN\SEMESTER 7\SKRIPSI NADILA CANTIK\CODING SIM MAGANG NADILA\SIM MAGANG\system\CodeIgniter.php(507): CodeIgniter\CodeIgniter->runController(Object(App\Controllers\KomponenNilai))
#10 D:\A_PERKULIAHAN\SEMESTER 7\SKRIPSI NADILA CANTIK\CODING SIM MAGANG NADILA\SIM MAGANG\system\CodeIgniter.php(354): CodeIgniter\CodeIgniter->handleRequest(NULL, Object(Config\Cache), false)
#11 D:\A_PERKULIAHAN\SEMESTER 7\SKRIPSI NADILA CANTIK\CODING SIM MAGANG NADILA\SIM MAGANG\system\Boot.php(363): CodeIgniter\CodeIgniter->run()
#12 D:\A_PERKULIAHAN\SEMESTER 7\SKRIPSI NADILA CANTIK\CODING SIM MAGANG NADILA\SIM MAGANG\system\Boot.php(68): CodeIgniter\Boot::runCodeIgniter(Object(CodeIgniter\CodeIgniter))
#13 D:\A_PERKULIAHAN\SEMESTER 7\SKRIPSI NADILA CANTIK\CODING SIM MAGANG NADILA\SIM MAGANG\public\index.php(59): CodeIgniter\Boot::bootWeb(Object(Config\Paths))
#14 D:\A_PERKULIAHAN\SEMESTER 7\SKRIPSI NADILA CANTIK\CODING SIM MAGANG NADILA\SIM MAGANG\system\rewrite.php(44): require_once('D:\\A_PERKULIAHA...')
#15 {main}
ERROR - 2025-12-22 14:50:37 --> mysqli_sql_exception: Column 'id_nilai' cannot be null in D:\A_PERKULIAHAN\SEMESTER 7\SKRIPSI NADILA CANTIK\CODING SIM MAGANG NADILA\SIM MAGANG\system\Database\MySQLi\Connection.php:327
Stack trace:
#0 D:\A_PERKULIAHAN\SEMESTER 7\SKRIPSI NADILA CANTIK\CODING SIM MAGANG NADILA\SIM MAGANG\system\Database\MySQLi\Connection.php(327): mysqli->query('INSERT INTO `ko...', 0)
#1 D:\A_PERKULIAHAN\SEMESTER 7\SKRIPSI NADILA CANTIK\CODING SIM MAGANG NADILA\SIM MAGANG\system\Database\BaseConnection.php(729): CodeIgniter\Database\MySQLi\Connection->execute('INSERT INTO `ko...')
#2 D:\A_PERKULIAHAN\SEMESTER 7\SKRIPSI NADILA CANTIK\CODING SIM MAGANG NADILA\SIM MAGANG\system\Database\BaseConnection.php(646): CodeIgniter\Database\BaseConnection->simpleQuery('INSERT INTO `ko...')
#3 D:\A_PERKULIAHAN\SEMESTER 7\SKRIPSI NADILA CANTIK\CODING SIM MAGANG NADILA\SIM MAGANG\system\Database\BaseBuilder.php(2345): CodeIgniter\Database\BaseConnection->query('INSERT INTO `ko...', Array, false)
#4 D:\A_PERKULIAHAN\SEMESTER 7\SKRIPSI NADILA CANTIK\CODING SIM MAGANG NADILA\SIM MAGANG\system\Model.php(394): CodeIgniter\Database\BaseBuilder->insert()
#5 D:\A_PERKULIAHAN\SEMESTER 7\SKRIPSI NADILA CANTIK\CODING SIM MAGANG NADILA\SIM MAGANG\system\BaseModel.php(838): CodeIgniter\Model->doInsert(Array)
#6 D:\A_PERKULIAHAN\SEMESTER 7\SKRIPSI NADILA CANTIK\CODING SIM MAGANG NADILA\SIM MAGANG\system\Model.php(797): CodeIgniter\BaseModel->insert(Array, true)
#7 D:\A_PERKULIAHAN\SEMESTER 7\SKRIPSI NADILA CANTIK\CODING SIM MAGANG NADILA\SIM MAGANG\app\Controllers\KomponenNilai.php(126): CodeIgniter\Model->insert(Array)
#8 D:\A_PERKULIAHAN\SEMESTER 7\SKRIPSI NADILA CANTIK\CODING SIM MAGANG NADILA\SIM MAGANG\system\CodeIgniter.php(933): App\Controllers\KomponenNilai->save()
#9 D:\A_PERKULIAHAN\SEMESTER 7\SKRIPSI NADILA CANTIK\CODING SIM MAGANG NADILA\SIM MAGANG\system\CodeIgniter.php(507): CodeIgniter\CodeIgniter->runController(Object(App\Controllers\KomponenNilai))
#10 D:\A_PERKULIAHAN\SEMESTER 7\SKRIPSI NADILA CANTIK\CODING SIM MAGANG NADILA\SIM MAGANG\system\CodeIgniter.php(354): CodeIgniter\CodeIgniter->handleRequest(NULL, Object(Config\Cache), false)
#11 D:\A_PERKULIAHAN\SEMESTER 7\SKRIPSI NADILA CANTIK\CODING SIM MAGANG NADILA\SIM MAGANG\system\Boot.php(363): CodeIgniter\CodeIgniter->run()
#12 D:\A_PERKULIAHAN\SEMESTER 7\SKRIPSI NADILA CANTIK\CODING SIM MAGANG NADILA\SIM MAGANG\system\Boot.php(68): CodeIgniter\Boot::runCodeIgniter(Object(CodeIgniter\CodeIgniter))
#13 D:\A_PERKULIAHAN\SEMESTER 7\SKRIPSI NADILA CANTIK\CODING SIM MAGANG NADILA\SIM MAGANG\public\index.php(59): CodeIgniter\Boot::bootWeb(Object(Config\Paths))
#14 D:\A_PERKULIAHAN\SEMESTER 7\SKRIPSI NADILA CANTIK\CODING SIM MAGANG NADILA\SIM MAGANG\system\rewrite.php(44): require_once('D:\\A_PERKULIAHA...')
#15 {main}
ERROR - 2025-12-22 14:50:37 --> Transaksi database gagal.
DEBUG - 2025-12-22 14:50:52 --> Session: Class initialized using 'CodeIgniter\Session\Handlers\FileHandler' driver.
ERROR - 2025-12-22 14:50:52 --> mysqli_sql_exception: Column 'id_nilai' cannot be null in D:\A_PERKULIAHAN\SEMESTER 7\SKRIPSI NADILA CANTIK\CODING SIM MAGANG NADILA\SIM MAGANG\system\Database\MySQLi\Connection.php:327
Stack trace:
#0 D:\A_PERKULIAHAN\SEMESTER 7\SKRIPSI NADILA CANTIK\CODING SIM MAGANG NADILA\SIM MAGANG\system\Database\MySQLi\Connection.php(327): mysqli->query('INSERT INTO `ko...', 0)
#1 D:\A_PERKULIAHAN\SEMESTER 7\SKRIPSI NADILA CANTIK\CODING SIM MAGANG NADILA\SIM MAGANG\system\Database\BaseConnection.php(729): CodeIgniter\Database\MySQLi\Connection->execute('INSERT INTO `ko...')
#2 D:\A_PERKULIAHAN\SEMESTER 7\SKRIPSI NADILA CANTIK\CODING SIM MAGANG NADILA\SIM MAGANG\system\Database\BaseConnection.php(646): CodeIgniter\Database\BaseConnection->simpleQuery('INSERT INTO `ko...')
#3 D:\A_PERKULIAHAN\SEMESTER 7\SKRIPSI NADILA CANTIK\CODING SIM MAGANG NADILA\SIM MAGANG\system\Database\BaseBuilder.php(2345): CodeIgniter\Database\BaseConnection->query('INSERT INTO `ko...', Array, false)
#4 D:\A_PERKULIAHAN\SEMESTER 7\SKRIPSI NADILA CANTIK\CODING SIM MAGANG NADILA\SIM MAGANG\system\Model.php(394): CodeIgniter\Database\BaseBuilder->insert()
#5 D:\A_PERKULIAHAN\SEMESTER 7\SKRIPSI NADILA CANTIK\CODING SIM MAGANG NADILA\SIM MAGANG\system\BaseModel.php(838): CodeIgniter\Model->doInsert(Array)
#6 D:\A_PERKULIAHAN\SEMESTER 7\SKRIPSI NADILA CANTIK\CODING SIM MAGANG NADILA\SIM MAGANG\system\Model.php(797): CodeIgniter\BaseModel->insert(Array, true)
#7 D:\A_PERKULIAHAN\SEMESTER 7\SKRIPSI NADILA CANTIK\CODING SIM MAGANG NADILA\SIM MAGANG\app\Controllers\KomponenNilai.php(126): CodeIgniter\Model->insert(Array)
#8 D:\A_PERKULIAHAN\SEMESTER 7\SKRIPSI NADILA CANTIK\CODING SIM MAGANG NADILA\SIM MAGANG\system\CodeIgniter.php(933): App\Controllers\KomponenNilai->save()
#9 D:\A_PERKULIAHAN\SEMESTER 7\SKRIPSI NADILA CANTIK\CODING SIM MAGANG NADILA\SIM MAGANG\system\CodeIgniter.php(507): CodeIgniter\CodeIgniter->runController(Object(App\Controllers\KomponenNilai))
#10 D:\A_PERKULIAHAN\SEMESTER 7\SKRIPSI NADILA CANTIK\CODING SIM MAGANG NADILA\SIM MAGANG\system\CodeIgniter.php(354): CodeIgniter\CodeIgniter->handleRequest(NULL, Object(Config\Cache), false)
#11 D:\A_PERKULIAHAN\SEMESTER 7\SKRIPSI NADILA CANTIK\CODING SIM MAGANG NADILA\SIM MAGANG\system\Boot.php(363): CodeIgniter\CodeIgniter->run()
#12 D:\A_PERKULIAHAN\SEMESTER 7\SKRIPSI NADILA CANTIK\CODING SIM MAGANG NADILA\SIM MAGANG\system\Boot.php(68): CodeIgniter\Boot::runCodeIgniter(Object(CodeIgniter\CodeIgniter))
#13 D:\A_PERKULIAHAN\SEMESTER 7\SKRIPSI NADILA CANTIK\CODING SIM MAGANG NADILA\SIM MAGANG\public\index.php(59): CodeIgniter\Boot::bootWeb(Object(Config\Paths))
#14 D:\A_PERKULIAHAN\SEMESTER 7\SKRIPSI NADILA CANTIK\CODING SIM MAGANG NADILA\SIM MAGANG\system\rewrite.php(44): require_once('D:\\A_PERKULIAHA...')
#15 {main}
ERROR - 2025-12-22 14:50:52 --> mysqli_sql_exception: Column 'id_nilai' cannot be null in D:\A_PERKULIAHAN\SEMESTER 7\SKRIPSI NADILA CANTIK\CODING SIM MAGANG NADILA\SIM MAGANG\system\Database\MySQLi\Connection.php:327
Stack trace:
#0 D:\A_PERKULIAHAN\SEMESTER 7\SKRIPSI NADILA CANTIK\CODING SIM MAGANG NADILA\SIM MAGANG\system\Database\MySQLi\Connection.php(327): mysqli->query('INSERT INTO `ko...', 0)
#1 D:\A_PERKULIAHAN\SEMESTER 7\SKRIPSI NADILA CANTIK\CODING SIM MAGANG NADILA\SIM MAGANG\system\Database\BaseConnection.php(729): CodeIgniter\Database\MySQLi\Connection->execute('INSERT INTO `ko...')
#2 D:\A_PERKULIAHAN\SEMESTER 7\SKRIPSI NADILA CANTIK\CODING SIM MAGANG NADILA\SIM MAGANG\system\Database\BaseConnection.php(646): CodeIgniter\Database\BaseConnection->simpleQuery('INSERT INTO `ko...')
#3 D:\A_PERKULIAHAN\SEMESTER 7\SKRIPSI NADILA CANTIK\CODING SIM MAGANG NADILA\SIM MAGANG\system\Database\BaseBuilder.php(2345): CodeIgniter\Database\BaseConnection->query('INSERT INTO `ko...', Array, false)
#4 D:\A_PERKULIAHAN\SEMESTER 7\SKRIPSI NADILA CANTIK\CODING SIM MAGANG NADILA\SIM MAGANG\system\Model.php(394): CodeIgniter\Database\BaseBuilder->insert()
#5 D:\A_PERKULIAHAN\SEMESTER 7\SKRIPSI NADILA CANTIK\CODING SIM MAGANG NADILA\SIM MAGANG\system\BaseModel.php(838): CodeIgniter\Model->doInsert(Array)
#6 D:\A_PERKULIAHAN\SEMESTER 7\SKRIPSI NADILA CANTIK\CODING SIM MAGANG NADILA\SIM MAGANG\system\Model.php(797): CodeIgniter\BaseModel->insert(Array, true)
#7 D:\A_PERKULIAHAN\SEMESTER 7\SKRIPSI NADILA CANTIK\CODING SIM MAGANG NADILA\SIM MAGANG\app\Controllers\KomponenNilai.php(126): CodeIgniter\Model->insert(Array)
#8 D:\A_PERKULIAHAN\SEMESTER 7\SKRIPSI NADILA CANTIK\CODING SIM MAGANG NADILA\SIM MAGANG\system\CodeIgniter.php(933): App\Controllers\KomponenNilai->save()
#9 D:\A_PERKULIAHAN\SEMESTER 7\SKRIPSI NADILA CANTIK\CODING SIM MAGANG NADILA\SIM MAGANG\system\CodeIgniter.php(507): CodeIgniter\CodeIgniter->runController(Object(App\Controllers\KomponenNilai))
#10 D:\A_PERKULIAHAN\SEMESTER 7\SKRIPSI NADILA CANTIK\CODING SIM MAGANG NADILA\SIM MAGANG\system\CodeIgniter.php(354): CodeIgniter\CodeIgniter->handleRequest(NULL, Object(Config\Cache), false)
#11 D:\A_PERKULIAHAN\SEMESTER 7\SKRIPSI NADILA CANTIK\CODING SIM MAGANG NADILA\SIM MAGANG\system\Boot.php(363): CodeIgniter\CodeIgniter->run()
#12 D:\A_PERKULIAHAN\SEMESTER 7\SKRIPSI NADILA CANTIK\CODING SIM MAGANG NADILA\SIM MAGANG\system\Boot.php(68): CodeIgniter\Boot::runCodeIgniter(Object(CodeIgniter\CodeIgniter))
#13 D:\A_PERKULIAHAN\SEMESTER 7\SKRIPSI NADILA CANTIK\CODING SIM MAGANG NADILA\SIM MAGANG\public\index.php(59): CodeIgniter\Boot::bootWeb(Object(Config\Paths))
#14 D:\A_PERKULIAHAN\SEMESTER 7\SKRIPSI NADILA CANTIK\CODING SIM MAGANG NADILA\SIM MAGANG\system\rewrite.php(44): require_once('D:\\A_PERKULIAHA...')
#15 {main}
ERROR - 2025-12-22 14:50:52 --> Transaksi database gagal.
DEBUG - 2025-12-22 14:56:13 --> Session: Class initialized using 'CodeIgniter\Session\Handlers\FileHandler' driver.
DEBUG - 2025-12-22 14:56:43 --> Session: Class initialized using 'CodeIgniter\Session\Handlers\FileHandler' driver.
ERROR - 2025-12-22 14:56:43 --> mysqli_sql_exception: Column 'id_nilai' cannot be null in D:\A_PERKULIAHAN\SEMESTER 7\SKRIPSI NADILA CANTIK\CODING SIM MAGANG NADILA\SIM MAGANG\system\Database\MySQLi\Connection.php:327
Stack trace:
#0 D:\A_PERKULIAHAN\SEMESTER 7\SKRIPSI NADILA CANTIK\CODING SIM MAGANG NADILA\SIM MAGANG\system\Database\MySQLi\Connection.php(327): mysqli->query('INSERT INTO `ko...', 0)
#1 D:\A_PERKULIAHAN\SEMESTER 7\SKRIPSI NADILA CANTIK\CODING SIM MAGANG NADILA\SIM MAGANG\system\Database\BaseConnection.php(729): CodeIgniter\Database\MySQLi\Connection->execute('INSERT INTO `ko...')
#2 D:\A_PERKULIAHAN\SEMESTER 7\SKRIPSI NADILA CANTIK\CODING SIM MAGANG NADILA\SIM MAGANG\system\Database\BaseConnection.php(646): CodeIgniter\Database\BaseConnection->simpleQuery('INSERT INTO `ko...')
#3 D:\A_PERKULIAHAN\SEMESTER 7\SKRIPSI NADILA CANTIK\CODING SIM MAGANG NADILA\SIM MAGANG\system\Database\BaseBuilder.php(2345): CodeIgniter\Database\BaseConnection->query('INSERT INTO `ko...', Array, false)
#4 D:\A_PERKULIAHAN\SEMESTER 7\SKRIPSI NADILA CANTIK\CODING SIM MAGANG NADILA\SIM MAGANG\system\Model.php(394): CodeIgniter\Database\BaseBuilder->insert()
#5 D:\A_PERKULIAHAN\SEMESTER 7\SKRIPSI NADILA CANTIK\CODING SIM MAGANG NADILA\SIM MAGANG\system\BaseModel.php(838): CodeIgniter\Model->doInsert(Array)
#6 D:\A_PERKULIAHAN\SEMESTER 7\SKRIPSI NADILA CANTIK\CODING SIM MAGANG NADILA\SIM MAGANG\system\Model.php(797): CodeIgniter\BaseModel->insert(Array, true)
#7 D:\A_PERKULIAHAN\SEMESTER 7\SKRIPSI NADILA CANTIK\CODING SIM MAGANG NADILA\SIM MAGANG\app\Controllers\KomponenNilai.php(127): CodeIgniter\Model->insert(Array)
#8 D:\A_PERKULIAHAN\SEMESTER 7\SKRIPSI NADILA CANTIK\CODING SIM MAGANG NADILA\SIM MAGANG\system\CodeIgniter.php(933): App\Controllers\KomponenNilai->save()
#9 D:\A_PERKULIAHAN\SEMESTER 7\SKRIPSI NADILA CANTIK\CODING SIM MAGANG NADILA\SIM MAGANG\system\CodeIgniter.php(507): CodeIgniter\CodeIgniter->runController(Object(App\Controllers\KomponenNilai))
#10 D:\A_PERKULIAHAN\SEMESTER 7\SKRIPSI NADILA CANTIK\CODING SIM MAGANG NADILA\SIM MAGANG\system\CodeIgniter.php(354): CodeIgniter\CodeIgniter->handleRequest(NULL, Object(Config\Cache), false)
#11 D:\A_PERKULIAHAN\SEMESTER 7\SKRIPSI NADILA CANTIK\CODING SIM MAGANG NADILA\SIM MAGANG\system\Boot.php(363): CodeIgniter\CodeIgniter->run()
#12 D:\A_PERKULIAHAN\SEMESTER 7\SKRIPSI NADILA CANTIK\CODING SIM MAGANG NADILA\SIM MAGANG\system\Boot.php(68): CodeIgniter\Boot::runCodeIgniter(Object(CodeIgniter\CodeIgniter))
#13 D:\A_PERKULIAHAN\SEMESTER 7\SKRIPSI NADILA CANTIK\CODING SIM MAGANG NADILA\SIM MAGANG\public\index.php(59): CodeIgniter\Boot::bootWeb(Object(Config\Paths))
#14 D:\A_PERKULIAHAN\SEMESTER 7\SKRIPSI NADILA CANTIK\CODING SIM MAGANG NADILA\SIM MAGANG\system\rewrite.php(44): require_once('D:\\A_PERKULIAHA...')
#15 {main}
ERROR - 2025-12-22 14:56:43 --> Column 'id_nilai' cannot be null
DEBUG - 2025-12-22 15:04:03 --> Session: Class initialized using 'CodeIgniter\Session\Handlers\FileHandler' driver.
DEBUG - 2025-12-22 15:04:35 --> Session: Class initialized using 'CodeIgniter\Session\Handlers\FileHandler' driver.
ERROR - 2025-12-22 15:04:35 --> 
DEBUG - 2025-12-22 15:05:34 --> Session: Class initialized using 'CodeIgniter\Session\Handlers\FileHandler' driver.
ERROR - 2025-12-22 15:05:34 --> 
DEBUG - 2025-12-22 15:08:27 --> Session: Class initialized using 'CodeIgniter\Session\Handlers\FileHandler' driver.
DEBUG - 2025-12-22 15:09:47 --> Session: Class initialized using 'CodeIgniter\Session\Handlers\FileHandler' driver.
DEBUG - 2025-12-22 15:10:07 --> Session: Class initialized using 'CodeIgniter\Session\Handlers\FileHandler' driver.
ERROR - 2025-12-22 15:10:07 --> 
DEBUG - 2025-12-22 15:10:14 --> Session: Class initialized using 'CodeIgniter\Session\Handlers\FileHandler' driver.
ERROR - 2025-12-22 15:10:14 --> 
DEBUG - 2025-12-22 15:17:55 --> Session: Class initialized using 'CodeIgniter\Session\Handlers\FileHandler' driver.
DEBUG - 2025-12-22 15:18:40 --> Session: Class initialized using 'CodeIgniter\Session\Handlers\FileHandler' driver.
DEBUG - 2025-12-22 15:18:42 --> Session: Class initialized using 'CodeIgniter\Session\Handlers\FileHandler' driver.
DEBUG - 2025-12-22 15:18:58 --> Session: Class initialized using 'CodeIgniter\Session\Handlers\FileHandler' driver.
DEBUG - 2025-12-22 15:19:05 --> Session: Class initialized using 'CodeIgniter\Session\Handlers\FileHandler' driver.
DEBUG - 2025-12-22 15:19:10 --> Session: Class initialized using 'CodeIgniter\Session\Handlers\FileHandler' driver.
DEBUG - 2025-12-22 15:19:15 --> Session: Class initialized using 'CodeIgniter\Session\Handlers\FileHandler' driver.
DEBUG - 2025-12-22 15:19:56 --> Session: Class initialized using 'CodeIgniter\Session\Handlers\FileHandler' driver.
DEBUG - 2025-12-22 15:19:56 --> Session: Class initialized using 'CodeIgniter\Session\Handlers\FileHandler' driver.
DEBUG - 2025-12-22 15:22:28 --> Session: Class initialized using 'CodeIgniter\Session\Handlers\FileHandler' driver.
DEBUG - 2025-12-22 15:22:40 --> Session: Class initialized using 'CodeIgniter\Session\Handlers\FileHandler' driver.
DEBUG - 2025-12-22 15:22:40 --> Session: Class initialized using 'CodeIgniter\Session\Handlers\FileHandler' driver.
DEBUG - 2025-12-22 15:22:55 --> Session: Class initialized using 'CodeIgniter\Session\Handlers\FileHandler' driver.
DEBUG - 2025-12-22 15:22:55 --> Session: Class initialized using 'CodeIgniter\Session\Handlers\FileHandler' driver.
DEBUG - 2025-12-22 15:23:26 --> Session: Class initialized using 'CodeIgniter\Session\Handlers\FileHandler' driver.
DEBUG - 2025-12-22 15:23:26 --> Session: Class initialized using 'CodeIgniter\Session\Handlers\FileHandler' driver.
DEBUG - 2025-12-22 15:23:37 --> Session: Class initialized using 'CodeIgniter\Session\Handlers\FileHandler' driver.
DEBUG - 2025-12-22 15:23:37 --> Session: Class initialized using 'CodeIgniter\Session\Handlers\FileHandler' driver.
DEBUG - 2025-12-22 15:25:18 --> Session: Class initialized using 'CodeIgniter\Session\Handlers\FileHandler' driver.
DEBUG - 2025-12-22 15:25:25 --> Session: Class initialized using 'CodeIgniter\Session\Handlers\FileHandler' driver.
DEBUG - 2025-12-22 15:25:25 --> Session: Class initialized using 'CodeIgniter\Session\Handlers\FileHandler' driver.
DEBUG - 2025-12-22 15:26:04 --> Session: Class initialized using 'CodeIgniter\Session\Handlers\FileHandler' driver.
DEBUG - 2025-12-22 15:26:06 --> Session: Class initialized using 'CodeIgniter\Session\Handlers\FileHandler' driver.
DEBUG - 2025-12-22 15:26:28 --> Session: Class initialized using 'CodeIgniter\Session\Handlers\FileHandler' driver.
DEBUG - 2025-12-22 15:26:32 --> Session: Class initialized using 'CodeIgniter\Session\Handlers\FileHandler' driver.
DEBUG - 2025-12-22 15:26:36 --> Session: Class initialized using 'CodeIgniter\Session\Handlers\FileHandler' driver.
DEBUG - 2025-12-22 15:26:40 --> Session: Class initialized using 'CodeIgniter\Session\Handlers\FileHandler' driver.
DEBUG - 2025-12-22 15:27:06 --> Session: Class initialized using 'CodeIgniter\Session\Handlers\FileHandler' driver.
DEBUG - 2025-12-22 15:27:12 --> Session: Class initialized using 'CodeIgniter\Session\Handlers\FileHandler' driver.
DEBUG - 2025-12-22 15:27:41 --> Session: Class initialized using 'CodeIgniter\Session\Handlers\FileHandler' driver.
DEBUG - 2025-12-22 15:27:42 --> Session: Class initialized using 'CodeIgniter\Session\Handlers\FileHandler' driver.
DEBUG - 2025-12-22 15:27:49 --> Session: Class initialized using 'CodeIgniter\Session\Handlers\FileHandler' driver.
DEBUG - 2025-12-22 15:27:55 --> Session: Class initialized using 'CodeIgniter\Session\Handlers\FileHandler' driver.
DEBUG - 2025-12-22 15:27:55 --> Session: Class initialized using 'CodeIgniter\Session\Handlers\FileHandler' driver.
DEBUG - 2025-12-22 15:28:08 --> Session: Class initialized using 'CodeIgniter\Session\Handlers\FileHandler' driver.
DEBUG - 2025-12-22 15:28:09 --> Session: Class initialized using 'CodeIgniter\Session\Handlers\FileHandler' driver.
WARNING - 2025-12-22 15:28:15 --> [DEPRECATED] Creation of dynamic property App\Controllers\KelolaPenilaian::$nilaiMagangModel is deprecated in APPPATH\Controllers\KelolaPenilaian.php on line 16.
 1 SYSTEMPATH\CodeIgniter.php(903): App\Controllers\KelolaPenilaian->__construct()
 2 SYSTEMPATH\CodeIgniter.php(498): CodeIgniter\CodeIgniter->createController()
 3 SYSTEMPATH\CodeIgniter.php(354): CodeIgniter\CodeIgniter->handleRequest(null, Object(Config\Cache), false)
 4 SYSTEMPATH\Boot.php(363): CodeIgniter\CodeIgniter->run()
 5 SYSTEMPATH\Boot.php(68): CodeIgniter\Boot::runCodeIgniter(Object(CodeIgniter\CodeIgniter))
 6 FCPATH\index.php(59): CodeIgniter\Boot::bootWeb(Object(Config\Paths))
 7 SYSTEMPATH\rewrite.php(44): require_once('D:\\A_PERKULIAHAN\\SEMESTER 7\\SKRIPSI NADILA CANTIK\\CODING SIM MAGANG NADILA\\SIM MAGANG\\public\\index.php')
DEBUG - 2025-12-22 15:28:15 --> Session: Class initialized using 'CodeIgniter\Session\Handlers\FileHandler' driver.
WARNING - 2025-12-22 15:28:19 --> [DEPRECATED] Creation of dynamic property App\Controllers\KelolaPenilaian::$nilaiMagangModel is deprecated in APPPATH\Controllers\KelolaPenilaian.php on line 16.
 1 SYSTEMPATH\CodeIgniter.php(903): App\Controllers\KelolaPenilaian->__construct()
 2 SYSTEMPATH\CodeIgniter.php(498): CodeIgniter\CodeIgniter->createController()
 3 SYSTEMPATH\CodeIgniter.php(354): CodeIgniter\CodeIgniter->handleRequest(null, Object(Config\Cache), false)
 4 SYSTEMPATH\Boot.php(363): CodeIgniter\CodeIgniter->run()
 5 SYSTEMPATH\Boot.php(68): CodeIgniter\Boot::runCodeIgniter(Object(CodeIgniter\CodeIgniter))
 6 FCPATH\index.php(59): CodeIgniter\Boot::bootWeb(Object(Config\Paths))
 7 SYSTEMPATH\rewrite.php(44): require_once('D:\\A_PERKULIAHAN\\SEMESTER 7\\SKRIPSI NADILA CANTIK\\CODING SIM MAGANG NADILA\\SIM MAGANG\\public\\index.php')
DEBUG - 2025-12-22 15:28:19 --> Session: Class initialized using 'CodeIgniter\Session\Handlers\FileHandler' driver.
WARNING - 2025-12-22 15:29:21 --> [DEPRECATED] Creation of dynamic property App\Controllers\KelolaPenilaian::$nilaiMagangModel is deprecated in APPPATH\Controllers\KelolaPenilaian.php on line 16.
 1 SYSTEMPATH\CodeIgniter.php(903): App\Controllers\KelolaPenilaian->__construct()
 2 SYSTEMPATH\CodeIgniter.php(498): CodeIgniter\CodeIgniter->createController()
 3 SYSTEMPATH\CodeIgniter.php(354): CodeIgniter\CodeIgniter->handleRequest(null, Object(Config\Cache), false)
 4 SYSTEMPATH\Boot.php(363): CodeIgniter\CodeIgniter->run()
 5 SYSTEMPATH\Boot.php(68): CodeIgniter\Boot::runCodeIgniter(Object(CodeIgniter\CodeIgniter))
 6 FCPATH\index.php(59): CodeIgniter\Boot::bootWeb(Object(Config\Paths))
 7 SYSTEMPATH\rewrite.php(44): require_once('D:\\A_PERKULIAHAN\\SEMESTER 7\\SKRIPSI NADILA CANTIK\\CODING SIM MAGANG NADILA\\SIM MAGANG\\public\\index.php')
DEBUG - 2025-12-22 15:29:21 --> Session: Class initialized using 'CodeIgniter\Session\Handlers\FileHandler' driver.
WARNING - 2025-12-22 15:29:47 --> [DEPRECATED] Creation of dynamic property App\Controllers\KelolaPenilaian::$nilaiMagangModel is deprecated in APPPATH\Controllers\KelolaPenilaian.php on line 16.
 1 SYSTEMPATH\CodeIgniter.php(903): App\Controllers\KelolaPenilaian->__construct()
 2 SYSTEMPATH\CodeIgniter.php(498): CodeIgniter\CodeIgniter->createController()
 3 SYSTEMPATH\CodeIgniter.php(354): CodeIgniter\CodeIgniter->handleRequest(null, Object(Config\Cache), false)
 4 SYSTEMPATH\Boot.php(363): CodeIgniter\CodeIgniter->run()
 5 SYSTEMPATH\Boot.php(68): CodeIgniter\Boot::runCodeIgniter(Object(CodeIgniter\CodeIgniter))
 6 FCPATH\index.php(59): CodeIgniter\Boot::bootWeb(Object(Config\Paths))
 7 SYSTEMPATH\rewrite.php(44): require_once('D:\\A_PERKULIAHAN\\SEMESTER 7\\SKRIPSI NADILA CANTIK\\CODING SIM MAGANG NADILA\\SIM MAGANG\\public\\index.php')
DEBUG - 2025-12-22 15:29:47 --> Session: Class initialized using 'CodeIgniter\Session\Handlers\FileHandler' driver.
WARNING - 2025-12-22 15:29:47 --> [DEPRECATED] Creation of dynamic property App\Controllers\KelolaPenilaian::$nilaiMagangModel is deprecated in APPPATH\Controllers\KelolaPenilaian.php on line 16.
 1 SYSTEMPATH\CodeIgniter.php(903): App\Controllers\KelolaPenilaian->__construct()
 2 SYSTEMPATH\CodeIgniter.php(498): CodeIgniter\CodeIgniter->createController()
 3 SYSTEMPATH\CodeIgniter.php(354): CodeIgniter\CodeIgniter->handleRequest(null, Object(Config\Cache), false)
 4 SYSTEMPATH\Boot.php(363): CodeIgniter\CodeIgniter->run()
 5 SYSTEMPATH\Boot.php(68): CodeIgniter\Boot::runCodeIgniter(Object(CodeIgniter\CodeIgniter))
 6 FCPATH\index.php(59): CodeIgniter\Boot::bootWeb(Object(Config\Paths))
 7 SYSTEMPATH\rewrite.php(44): require_once('D:\\A_PERKULIAHAN\\SEMESTER 7\\SKRIPSI NADILA CANTIK\\CODING SIM MAGANG NADILA\\SIM MAGANG\\public\\index.php')
DEBUG - 2025-12-22 15:29:47 --> Session: Class initialized using 'CodeIgniter\Session\Handlers\FileHandler' driver.
DEBUG - 2025-12-22 15:29:53 --> Session: Class initialized using 'CodeIgniter\Session\Handlers\FileHandler' driver.
DEBUG - 2025-12-22 15:29:57 --> Session: Class initialized using 'CodeIgniter\Session\Handlers\FileHandler' driver.
DEBUG - 2025-12-22 15:29:57 --> Session: Class initialized using 'CodeIgniter\Session\Handlers\FileHandler' driver.
DEBUG - 2025-12-22 15:30:08 --> Session: Class initialized using 'CodeIgniter\Session\Handlers\FileHandler' driver.
DEBUG - 2025-12-22 15:30:09 --> Session: Class initialized using 'CodeIgniter\Session\Handlers\FileHandler' driver.
DEBUG - 2025-12-22 15:30:16 --> Session: Class initialized using 'CodeIgniter\Session\Handlers\FileHandler' driver.
DEBUG - 2025-12-22 15:30:21 --> Session: Class initialized using 'CodeIgniter\Session\Handlers\FileHandler' driver.
DEBUG - 2025-12-22 15:37:21 --> Session: Class initialized using 'CodeIgniter\Session\Handlers\FileHandler' driver.
DEBUG - 2025-12-22 15:40:58 --> Session: Class initialized using 'CodeIgniter\Session\Handlers\FileHandler' driver.
DEBUG - 2025-12-22 15:42:45 --> Session: Class initialized using 'CodeIgniter\Session\Handlers\FileHandler' driver.
DEBUG - 2025-12-22 15:52:03 --> Session: Class initialized using 'CodeIgniter\Session\Handlers\FileHandler' driver.
DEBUG - 2025-12-22 15:57:22 --> Session: Class initialized using 'CodeIgniter\Session\Handlers\FileHandler' driver.
DEBUG - 2025-12-22 16:00:47 --> Session: Class initialized using 'CodeIgniter\Session\Handlers\FileHandler' driver.
DEBUG - 2025-12-22 16:03:13 --> Session: Class initialized using 'CodeIgniter\Session\Handlers\FileHandler' driver.
DEBUG - 2025-12-22 16:06:27 --> Session: Class initialized using 'CodeIgniter\Session\Handlers\FileHandler' driver.
DEBUG - 2025-12-22 16:06:45 --> Session: Class initialized using 'CodeIgniter\Session\Handlers\FileHandler' driver.
DEBUG - 2025-12-22 16:10:42 --> Session: Class initialized using 'CodeIgniter\Session\Handlers\FileHandler' driver.
DEBUG - 2025-12-22 16:13:15 --> Session: Class initialized using 'CodeIgniter\Session\Handlers\FileHandler' driver.
DEBUG - 2025-12-22 16:13:45 --> Session: Class initialized using 'CodeIgniter\Session\Handlers\FileHandler' driver.
DEBUG - 2025-12-22 16:40:51 --> Session: Class initialized using 'CodeIgniter\Session\Handlers\FileHandler' driver.
DEBUG - 2025-12-22 16:44:03 --> Session: Class initialized using 'CodeIgniter\Session\Handlers\FileHandler' driver.
ERROR - 2025-12-22 16:44:03 --> mysqli_sql_exception: Unknown column 'nilai_akhir_mk' in 'field list' in D:\A_PERKULIAHAN\SEMESTER 7\SKRIPSI NADILA CANTIK\CODING SIM MAGANG NADILA\SIM MAGANG\system\Database\MySQLi\Connection.php:327
Stack trace:
#0 D:\A_PERKULIAHAN\SEMESTER 7\SKRIPSI NADILA CANTIK\CODING SIM MAGANG NADILA\SIM MAGANG\system\Database\MySQLi\Connection.php(327): mysqli->query('SELECT `nilai_a...', 0)
#1 D:\A_PERKULIAHAN\SEMESTER 7\SKRIPSI NADILA CANTIK\CODING SIM MAGANG NADILA\SIM MAGANG\system\Database\BaseConnection.php(729): CodeIgniter\Database\MySQLi\Connection->execute('SELECT `nilai_a...')
#2 D:\A_PERKULIAHAN\SEMESTER 7\SKRIPSI NADILA CANTIK\CODING SIM MAGANG NADILA\SIM MAGANG\system\Database\BaseConnection.php(646): CodeIgniter\Database\BaseConnection->simpleQuery('SELECT `nilai_a...')
#3 D:\A_PERKULIAHAN\SEMESTER 7\SKRIPSI NADILA CANTIK\CODING SIM MAGANG NADILA\SIM MAGANG\system\Database\BaseBuilder.php(1649): CodeIgniter\Database\BaseConnection->query('SELECT `nilai_a...', Array, false)
#4 D:\A_PERKULIAHAN\SEMESTER 7\SKRIPSI NADILA CANTIK\CODING SIM MAGANG NADILA\SIM MAGANG\system\Model.php(925): CodeIgniter\Database\BaseBuilder->get()
#5 D:\A_PERKULIAHAN\SEMESTER 7\SKRIPSI NADILA CANTIK\CODING SIM MAGANG NADILA\SIM MAGANG\app\Controllers\Kaprodi.php(540): CodeIgniter\Model->__call('get', Array)
#6 D:\A_PERKULIAHAN\SEMESTER 7\SKRIPSI NADILA CANTIK\CODING SIM MAGANG NADILA\SIM MAGANG\system\CodeIgniter.php(933): App\Controllers\Kaprodi->detail_nilai('22.230.0072')
#7 D:\A_PERKULIAHAN\SEMESTER 7\SKRIPSI NADILA CANTIK\CODING SIM MAGANG NADILA\SIM MAGANG\system\CodeIgniter.php(507): CodeIgniter\CodeIgniter->runController(Object(App\Controllers\Kaprodi))
#8 D:\A_PERKULIAHAN\SEMESTER 7\SKRIPSI NADILA CANTIK\CODING SIM MAGANG NADILA\SIM MAGANG\system\CodeIgniter.php(354): CodeIgniter\CodeIgniter->handleRequest(NULL, Object(Config\Cache), false)
#9 D:\A_PERKULIAHAN\SEMESTER 7\SKRIPSI NADILA CANTIK\CODING SIM MAGANG NADILA\SIM MAGANG\system\Boot.php(363): CodeIgniter\CodeIgniter->run()
#10 D:\A_PERKULIAHAN\SEMESTER 7\SKRIPSI NADILA CANTIK\CODING SIM MAGANG NADILA\SIM MAGANG\system\Boot.php(68): CodeIgniter\Boot::runCodeIgniter(Object(CodeIgniter\CodeIgniter))
#11 D:\A_PERKULIAHAN\SEMESTER 7\SKRIPSI NADILA CANTIK\CODING SIM MAGANG NADILA\SIM MAGANG\public\index.php(59): CodeIgniter\Boot::bootWeb(Object(Config\Paths))
#12 D:\A_PERKULIAHAN\SEMESTER 7\SKRIPSI NADILA CANTIK\CODING SIM MAGANG NADILA\SIM MAGANG\system\rewrite.php(44): require_once('D:\\A_PERKULIAHA...')
#13 {main}
CRITICAL - 2025-12-22 16:44:03 --> CodeIgniter\Database\Exceptions\DatabaseException: Unknown column 'nilai_akhir_mk' in 'field list'
[Method: GET, Route: kaprodi/detail_nilai/22.230.0072]
in SYSTEMPATH\Database\BaseConnection.php on line 684.
 1 SYSTEMPATH\Database\BaseBuilder.php(1649): CodeIgniter\Database\BaseConnection->query('SELECT `nilai_akhir_mk`
FROM `nilai_magang`
WHERE `id_profil` = :id_profil:
AND `kode_mk` = :kode_mk:', [...], false)
 2 SYSTEMPATH\Model.php(925): CodeIgniter\Database\BaseBuilder->get()
 3 APPPATH\Controllers\Kaprodi.php(540): CodeIgniter\Model->__call('get', [])
 4 SYSTEMPATH\CodeIgniter.php(933): App\Controllers\Kaprodi->detail_nilai('22.230.0072')
 5 SYSTEMPATH\CodeIgniter.php(507): CodeIgniter\CodeIgniter->runController(Object(App\Controllers\Kaprodi))
 6 SYSTEMPATH\CodeIgniter.php(354): CodeIgniter\CodeIgniter->handleRequest(null, Object(Config\Cache), false)
 7 SYSTEMPATH\Boot.php(363): CodeIgniter\CodeIgniter->run()
 8 SYSTEMPATH\Boot.php(68): CodeIgniter\Boot::runCodeIgniter(Object(CodeIgniter\CodeIgniter))
 9 FCPATH\index.php(59): CodeIgniter\Boot::bootWeb(Object(Config\Paths))
10 SYSTEMPATH\rewrite.php(44): require_once('D:\\A_PERKULIAHAN\\SEMESTER 7\\SKRIPSI NADILA CANTIK\\CODING SIM MAGANG NADILA\\SIM MAGANG\\public\\index.php')
CRITICAL - 2025-12-22 16:44:03 --> [Caused by] CodeIgniter\Database\Exceptions\DatabaseException: Unknown column 'nilai_akhir_mk' in 'field list'
in SYSTEMPATH\Database\MySQLi\Connection.php on line 332.
 1 SYSTEMPATH\Database\BaseConnection.php(729): CodeIgniter\Database\MySQLi\Connection->execute('SELECT `nilai_akhir_mk`
FROM `nilai_magang`
WHERE `id_profil` = \'22.230.0072_PPUP\'
AND `kode_mk` = \'BB010\'')
 2 SYSTEMPATH\Database\BaseConnection.php(646): CodeIgniter\Database\BaseConnection->simpleQuery('SELECT `nilai_akhir_mk`
FROM `nilai_magang`
WHERE `id_profil` = \'22.230.0072_PPUP\'
AND `kode_mk` = \'BB010\'')
 3 SYSTEMPATH\Database\BaseBuilder.php(1649): CodeIgniter\Database\BaseConnection->query('SELECT `nilai_akhir_mk`
FROM `nilai_magang`
WHERE `id_profil` = :id_profil:
AND `kode_mk` = :kode_mk:', [...], false)
 4 SYSTEMPATH\Model.php(925): CodeIgniter\Database\BaseBuilder->get()
 5 APPPATH\Controllers\Kaprodi.php(540): CodeIgniter\Model->__call('get', [])
 6 SYSTEMPATH\CodeIgniter.php(933): App\Controllers\Kaprodi->detail_nilai('22.230.0072')
 7 SYSTEMPATH\CodeIgniter.php(507): CodeIgniter\CodeIgniter->runController(Object(App\Controllers\Kaprodi))
 8 SYSTEMPATH\CodeIgniter.php(354): CodeIgniter\CodeIgniter->handleRequest(null, Object(Config\Cache), false)
 9 SYSTEMPATH\Boot.php(363): CodeIgniter\CodeIgniter->run()
10 SYSTEMPATH\Boot.php(68): CodeIgniter\Boot::runCodeIgniter(Object(CodeIgniter\CodeIgniter))
11 FCPATH\index.php(59): CodeIgniter\Boot::bootWeb(Object(Config\Paths))
12 SYSTEMPATH\rewrite.php(44): require_once('D:\\A_PERKULIAHAN\\SEMESTER 7\\SKRIPSI NADILA CANTIK\\CODING SIM MAGANG NADILA\\SIM MAGANG\\public\\index.php')
CRITICAL - 2025-12-22 16:44:03 --> [Caused by] mysqli_sql_exception: Unknown column 'nilai_akhir_mk' in 'field list'
in SYSTEMPATH\Database\MySQLi\Connection.php on line 327.
 1 SYSTEMPATH\Database\MySQLi\Connection.php(327): mysqli->query('SELECT `nilai_akhir_mk`
FROM `nilai_magang`
WHERE `id_profil` = \'22.230.0072_PPUP\'
AND `kode_mk` = \'BB010\'', 0)
 2 SYSTEMPATH\Database\BaseConnection.php(729): CodeIgniter\Database\MySQLi\Connection->execute('SELECT `nilai_akhir_mk`
FROM `nilai_magang`
WHERE `id_profil` = \'22.230.0072_PPUP\'
AND `kode_mk` = \'BB010\'')
 3 SYSTEMPATH\Database\BaseConnection.php(646): CodeIgniter\Database\BaseConnection->simpleQuery('SELECT `nilai_akhir_mk`
FROM `nilai_magang`
WHERE `id_profil` = \'22.230.0072_PPUP\'
AND `kode_mk` = \'BB010\'')
 4 SYSTEMPATH\Database\BaseBuilder.php(1649): CodeIgniter\Database\BaseConnection->query('SELECT `nilai_akhir_mk`
FROM `nilai_magang`
WHERE `id_profil` = :id_profil:
AND `kode_mk` = :kode_mk:', [...], false)
 5 SYSTEMPATH\Model.php(925): CodeIgniter\Database\BaseBuilder->get()
 6 APPPATH\Controllers\Kaprodi.php(540): CodeIgniter\Model->__call('get', [])
 7 SYSTEMPATH\CodeIgniter.php(933): App\Controllers\Kaprodi->detail_nilai('22.230.0072')
 8 SYSTEMPATH\CodeIgniter.php(507): CodeIgniter\CodeIgniter->runController(Object(App\Controllers\Kaprodi))
 9 SYSTEMPATH\CodeIgniter.php(354): CodeIgniter\CodeIgniter->handleRequest(null, Object(Config\Cache), false)
10 SYSTEMPATH\Boot.php(363): CodeIgniter\CodeIgniter->run()
11 SYSTEMPATH\Boot.php(68): CodeIgniter\Boot::runCodeIgniter(Object(CodeIgniter\CodeIgniter))
12 FCPATH\index.php(59): CodeIgniter\Boot::bootWeb(Object(Config\Paths))
13 SYSTEMPATH\rewrite.php(44): require_once('D:\\A_PERKULIAHAN\\SEMESTER 7\\SKRIPSI NADILA CANTIK\\CODING SIM MAGANG NADILA\\SIM MAGANG\\public\\index.php')
DEBUG - 2025-12-22 16:44:18 --> Session: Class initialized using 'CodeIgniter\Session\Handlers\FileHandler' driver.
DEBUG - 2025-12-22 16:49:38 --> Session: Class initialized using 'CodeIgniter\Session\Handlers\FileHandler' driver.
DEBUG - 2025-12-22 16:51:06 --> Session: Class initialized using 'CodeIgniter\Session\Handlers\FileHandler' driver.
DEBUG - 2025-12-22 16:52:28 --> Session: Class initialized using 'CodeIgniter\Session\Handlers\FileHandler' driver.
DEBUG - 2025-12-22 17:00:13 --> Session: Class initialized using 'CodeIgniter\Session\Handlers\FileHandler' driver.
DEBUG - 2025-12-22 17:04:21 --> Session: Class initialized using 'CodeIgniter\Session\Handlers\FileHandler' driver.
DEBUG - 2025-12-22 17:06:30 --> Session: Class initialized using 'CodeIgniter\Session\Handlers\FileHandler' driver.
DEBUG - 2025-12-22 17:14:43 --> Session: Class initialized using 'CodeIgniter\Session\Handlers\FileHandler' driver.
DEBUG - 2025-12-22 17:21:32 --> Session: Class initialized using 'CodeIgniter\Session\Handlers\FileHandler' driver.
CRITICAL - 2025-12-22 17:21:33 --> ErrorException: Only variables should be passed by reference
[Method: GET, Route: kaprodi/detail_nilai/22.230.0072]
in APPPATH\Controllers\Kaprodi.php on line 532.
 1 APPPATH\Controllers\Kaprodi.php(532): CodeIgniter\Debug\Exceptions->errorHandler(8, 'Only variables should be passed by reference', 'D:\\A_PERKULIAHAN\\SEMESTER 7\\SKRIPSI NADILA CANTIK\\CODING SIM MAGANG NADILA\\SIM MAGANG\\app\\Controllers\\Kaprodi.php', 532)
 2 SYSTEMPATH\CodeIgniter.php(933): App\Controllers\Kaprodi->detail_nilai('22.230.0072')
 3 SYSTEMPATH\CodeIgniter.php(507): CodeIgniter\CodeIgniter->runController(Object(App\Controllers\Kaprodi))
 4 SYSTEMPATH\CodeIgniter.php(354): CodeIgniter\CodeIgniter->handleRequest(null, Object(Config\Cache), false)
 5 SYSTEMPATH\Boot.php(363): CodeIgniter\CodeIgniter->run()
 6 SYSTEMPATH\Boot.php(68): CodeIgniter\Boot::runCodeIgniter(Object(CodeIgniter\CodeIgniter))
 7 FCPATH\index.php(59): CodeIgniter\Boot::bootWeb(Object(Config\Paths))
 8 SYSTEMPATH\rewrite.php(44): require_once('D:\\A_PERKULIAHAN\\SEMESTER 7\\SKRIPSI NADILA CANTIK\\CODING SIM MAGANG NADILA\\SIM MAGANG\\public\\index.php')
DEBUG - 2025-12-22 17:23:45 --> Session: Class initialized using 'CodeIgniter\Session\Handlers\FileHandler' driver.
DEBUG - 2025-12-22 17:26:46 --> Session: Class initialized using 'CodeIgniter\Session\Handlers\FileHandler' driver.
DEBUG - 2025-12-22 17:28:09 --> Session: Class initialized using 'CodeIgniter\Session\Handlers\FileHandler' driver.
DEBUG - 2025-12-22 17:31:32 --> Session: Class initialized using 'CodeIgniter\Session\Handlers\FileHandler' driver.
CRITICAL - 2025-12-22 17:31:32 --> ErrorException: Undefined variable $komponen
[Method: GET, Route: kaprodi/detail_nilai/22.230.0072]
in APPPATH\Controllers\Kaprodi.php on line 521.
 1 APPPATH\Controllers\Kaprodi.php(521): CodeIgniter\Debug\Exceptions->errorHandler(2, 'Undefined variable $komponen', 'D:\\A_PERKULIAHAN\\SEMESTER 7\\SKRIPSI NADILA CANTIK\\CODING SIM MAGANG NADILA\\SIM MAGANG\\app\\Controllers\\Kaprodi.php', 521)
 2 SYSTEMPATH\CodeIgniter.php(933): App\Controllers\Kaprodi->detail_nilai('22.230.0072')
 3 SYSTEMPATH\CodeIgniter.php(507): CodeIgniter\CodeIgniter->runController(Object(App\Controllers\Kaprodi))
 4 SYSTEMPATH\CodeIgniter.php(354): CodeIgniter\CodeIgniter->handleRequest(null, Object(Config\Cache), false)
 5 SYSTEMPATH\Boot.php(363): CodeIgniter\CodeIgniter->run()
 6 SYSTEMPATH\Boot.php(68): CodeIgniter\Boot::runCodeIgniter(Object(CodeIgniter\CodeIgniter))
 7 FCPATH\index.php(59): CodeIgniter\Boot::bootWeb(Object(Config\Paths))
 8 SYSTEMPATH\rewrite.php(44): require_once('D:\\A_PERKULIAHAN\\SEMESTER 7\\SKRIPSI NADILA CANTIK\\CODING SIM MAGANG NADILA\\SIM MAGANG\\public\\index.php')
DEBUG - 2025-12-22 17:36:11 --> Session: Class initialized using 'CodeIgniter\Session\Handlers\FileHandler' driver.
DEBUG - 2025-12-22 17:43:36 --> Session: Class initialized using 'CodeIgniter\Session\Handlers\FileHandler' driver.
DEBUG - 2025-12-22 17:44:57 --> Session: Class initialized using 'CodeIgniter\Session\Handlers\FileHandler' driver.
DEBUG - 2025-12-22 17:51:15 --> Session: Class initialized using 'CodeIgniter\Session\Handlers\FileHandler' driver.
DEBUG - 2025-12-22 17:54:25 --> Session: Class initialized using 'CodeIgniter\Session\Handlers\FileHandler' driver.
DEBUG - 2025-12-22 17:54:49 --> Session: Class initialized using 'CodeIgniter\Session\Handlers\FileHandler' driver.
DEBUG - 2025-12-22 17:57:07 --> Session: Class initialized using 'CodeIgniter\Session\Handlers\FileHandler' driver.
CRITICAL - 2025-12-22 17:57:08 --> ErrorException: Undefined property: App\Controllers\Kaprodi::$komponenNilaiModel
[Method: GET, Route: kaprodi/detail_nilai/22.230.0072]
in APPPATH\Controllers\Kaprodi.php on line 549.
 1 APPPATH\Controllers\Kaprodi.php(549): CodeIgniter\Debug\Exceptions->errorHandler(2, 'Undefined property: App\\Controllers\\Kaprodi::$komponenNilaiModel', 'D:\\A_PERKULIAHAN\\SEMESTER 7\\SKRIPSI NADILA CANTIK\\CODING SIM MAGANG NADILA\\SIM MAGANG\\app\\Controllers\\Kaprodi.php', 549)
 2 SYSTEMPATH\CodeIgniter.php(933): App\Controllers\Kaprodi->detail_nilai('22.230.0072')
 3 SYSTEMPATH\CodeIgniter.php(507): CodeIgniter\CodeIgniter->runController(Object(App\Controllers\Kaprodi))
 4 SYSTEMPATH\CodeIgniter.php(354): CodeIgniter\CodeIgniter->handleRequest(null, Object(Config\Cache), false)
 5 SYSTEMPATH\Boot.php(363): CodeIgniter\CodeIgniter->run()
 6 SYSTEMPATH\Boot.php(68): CodeIgniter\Boot::runCodeIgniter(Object(CodeIgniter\CodeIgniter))
 7 FCPATH\index.php(59): CodeIgniter\Boot::bootWeb(Object(Config\Paths))
 8 SYSTEMPATH\rewrite.php(44): require_once('D:\\A_PERKULIAHAN\\SEMESTER 7\\SKRIPSI NADILA CANTIK\\CODING SIM MAGANG NADILA\\SIM MAGANG\\public\\index.php')
DEBUG - 2025-12-22 17:58:48 --> Session: Class initialized using 'CodeIgniter\Session\Handlers\FileHandler' driver.
DEBUG - 2025-12-22 18:01:05 --> Session: Class initialized using 'CodeIgniter\Session\Handlers\FileHandler' driver.
DEBUG - 2025-12-22 18:01:22 --> Session: Class initialized using 'CodeIgniter\Session\Handlers\FileHandler' driver.
DEBUG - 2025-12-22 18:02:34 --> Session: Class initialized using 'CodeIgniter\Session\Handlers\FileHandler' driver.
DEBUG - 2025-12-22 18:02:44 --> Session: Class initialized using 'CodeIgniter\Session\Handlers\FileHandler' driver.
DEBUG - 2025-12-22 18:03:15 --> Session: Class initialized using 'CodeIgniter\Session\Handlers\FileHandler' driver.
DEBUG - 2025-12-22 18:10:28 --> Session: Class initialized using 'CodeIgniter\Session\Handlers\FileHandler' driver.
DEBUG - 2025-12-22 18:10:46 --> Session: Class initialized using 'CodeIgniter\Session\Handlers\FileHandler' driver.
DEBUG - 2025-12-22 18:12:22 --> Session: Class initialized using 'CodeIgniter\Session\Handlers\FileHandler' driver.
DEBUG - 2025-12-22 18:23:45 --> Session: Class initialized using 'CodeIgniter\Session\Handlers\FileHandler' driver.
DEBUG - 2025-12-22 18:24:18 --> Session: Class initialized using 'CodeIgniter\Session\Handlers\FileHandler' driver.
DEBUG - 2025-12-22 18:25:10 --> Session: Class initialized using 'CodeIgniter\Session\Handlers\FileHandler' driver.
DEBUG - 2025-12-22 18:25:40 --> Session: Class initialized using 'CodeIgniter\Session\Handlers\FileHandler' driver.
DEBUG - 2025-12-22 18:26:05 --> Session: Class initialized using 'CodeIgniter\Session\Handlers\FileHandler' driver.
DEBUG - 2025-12-22 18:26:18 --> Session: Class initialized using 'CodeIgniter\Session\Handlers\FileHandler' driver.
DEBUG - 2025-12-22 18:31:09 --> Session: Class initialized using 'CodeIgniter\Session\Handlers\FileHandler' driver.
DEBUG - 2025-12-22 18:32:44 --> Session: Class initialized using 'CodeIgniter\Session\Handlers\FileHandler' driver.
DEBUG - 2025-12-22 18:34:10 --> Session: Class initialized using 'CodeIgniter\Session\Handlers\FileHandler' driver.
DEBUG - 2025-12-22 18:34:15 --> Session: Class initialized using 'CodeIgniter\Session\Handlers\FileHandler' driver.
DEBUG - 2025-12-22 18:34:19 --> Session: Class initialized using 'CodeIgniter\Session\Handlers\FileHandler' driver.
DEBUG - 2025-12-22 18:34:37 --> Session: Class initialized using 'CodeIgniter\Session\Handlers\FileHandler' driver.
DEBUG - 2025-12-22 18:34:41 --> Session: Class initialized using 'CodeIgniter\Session\Handlers\FileHandler' driver.
DEBUG - 2025-12-22 18:34:55 --> Session: Class initialized using 'CodeIgniter\Session\Handlers\FileHandler' driver.
DEBUG - 2025-12-22 18:35:02 --> Session: Class initialized using 'CodeIgniter\Session\Handlers\FileHandler' driver.
DEBUG - 2025-12-22 18:35:05 --> Session: Class initialized using 'CodeIgniter\Session\Handlers\FileHandler' driver.
DEBUG - 2025-12-22 18:35:42 --> Session: Class initialized using 'CodeIgniter\Session\Handlers\FileHandler' driver.
DEBUG - 2025-12-22 18:35:45 --> Session: Class initialized using 'CodeIgniter\Session\Handlers\FileHandler' driver.
DEBUG - 2025-12-22 18:35:58 --> Session: Class initialized using 'CodeIgniter\Session\Handlers\FileHandler' driver.
DEBUG - 2025-12-22 18:36:00 --> Session: Class initialized using 'CodeIgniter\Session\Handlers\FileHandler' driver.
DEBUG - 2025-12-22 18:36:05 --> Session: Class initialized using 'CodeIgniter\Session\Handlers\FileHandler' driver.
DEBUG - 2025-12-22 18:36:05 --> Session: Class initialized using 'CodeIgniter\Session\Handlers\FileHandler' driver.
