DEBUG - 2025-09-28 06:16:09 --> Session: Class initialized using 'CodeIgniter\Session\Handlers\FileHandler' driver.
DEBUG - 2025-09-28 06:16:49 --> Session: Class initialized using 'CodeIgniter\Session\Handlers\FileHandler' driver.
ERROR - 2025-09-28 06:27:10 --> Error connecting to the database: mysqli_sql_exception: No connection could be made because the target machine actively refused it in D:\A_PERKULIAHAN\SEMESTER 7\SKRIPSI NADILA CANTIK\CODING SIM MAGANG NADILA\SIM MAGANG\system\Database\MySQLi\Connection.php:201
Stack trace:
#0 D:\A_PERKULIAHAN\SEMESTER 7\SKRIPSI NADILA CANTIK\CODING SIM MAGANG NADILA\SIM MAGANG\system\Database\MySQLi\Connection.php(201): mysqli->real_connect('localhost', 'root', Object(SensitiveParameterValue), 'db_monitoring_m...', 3306, '', 0)
#1 D:\A_PERKULIAHAN\SEMESTER 7\SKRIPSI NADILA CANTIK\CODING SIM MAGANG NADILA\SIM MAGANG\system\Database\BaseConnection.php(419): CodeIgniter\Database\MySQLi\Connection->connect(false)
#2 D:\A_PERKULIAHAN\SEMESTER 7\SKRIPSI NADILA CANTIK\CODING SIM MAGANG NADILA\SIM MAGANG\system\Database\BaseConnection.php(614): CodeIgniter\Database\BaseConnection->initialize()
#3 D:\A_PERKULIAHAN\SEMESTER 7\SKRIPSI NADILA CANTIK\CODING SIM MAGANG NADILA\SIM MAGANG\system\Database\BaseBuilder.php(1649): CodeIgniter\Database\BaseConnection->query('SELECT *\nFROM `...', Array, false)
#4 D:\A_PERKULIAHAN\SEMESTER 7\SKRIPSI NADILA CANTIK\CODING SIM MAGANG NADILA\SIM MAGANG\system\Model.php(286): CodeIgniter\Database\BaseBuilder->get()
#5 D:\A_PERKULIAHAN\SEMESTER 7\SKRIPSI NADILA CANTIK\CODING SIM MAGANG NADILA\SIM MAGANG\system\BaseModel.php(677): CodeIgniter\Model->doFindAll(10, 0)
#6 D:\A_PERKULIAHAN\SEMESTER 7\SKRIPSI NADILA CANTIK\CODING SIM MAGANG NADILA\SIM MAGANG\app\Controllers\Kelola_user.php(213): CodeIgniter\BaseModel->findAll(10)
#7 D:\A_PERKULIAHAN\SEMESTER 7\SKRIPSI NADILA CANTIK\CODING SIM MAGANG NADILA\SIM MAGANG\system\CodeIgniter.php(933): App\Controllers\Kelola_user->cariDosen()
#8 D:\A_PERKULIAHAN\SEMESTER 7\SKRIPSI NADILA CANTIK\CODING SIM MAGANG NADILA\SIM MAGANG\system\CodeIgniter.php(507): CodeIgniter\CodeIgniter->runController(Object(App\Controllers\Kelola_user))
#9 D:\A_PERKULIAHAN\SEMESTER 7\SKRIPSI NADILA CANTIK\CODING SIM MAGANG NADILA\SIM MAGANG\system\CodeIgniter.php(354): CodeIgniter\CodeIgniter->handleRequest(NULL, Object(Config\Cache), false)
#10 D:\A_PERKULIAHAN\SEMESTER 7\SKRIPSI NADILA CANTIK\CODING SIM MAGANG NADILA\SIM MAGANG\system\Boot.php(363): CodeIgniter\CodeIgniter->run()
#11 D:\A_PERKULIAHAN\SEMESTER 7\SKRIPSI NADILA CANTIK\CODING SIM MAGANG NADILA\SIM MAGANG\system\Boot.php(68): CodeIgniter\Boot::runCodeIgniter(Object(CodeIgniter\CodeIgniter))
#12 D:\A_PERKULIAHAN\SEMESTER 7\SKRIPSI NADILA CANTIK\CODING SIM MAGANG NADILA\SIM MAGANG\public\index.php(59): CodeIgniter\Boot::bootWeb(Object(Config\Paths))
#13 D:\A_PERKULIAHAN\SEMESTER 7\SKRIPSI NADILA CANTIK\CODING SIM MAGANG NADILA\SIM MAGANG\system\rewrite.php(44): require_once('D:\\A_PERKULIAHA...')
#14 {main}

Next CodeIgniter\Database\Exceptions\DatabaseException: No connection could be made because the target machine actively refused it in D:\A_PERKULIAHAN\SEMESTER 7\SKRIPSI NADILA CANTIK\CODING SIM MAGANG NADILA\SIM MAGANG\system\Database\MySQLi\Connection.php:246
Stack trace:
#0 D:\A_PERKULIAHAN\SEMESTER 7\SKRIPSI NADILA CANTIK\CODING SIM MAGANG NADILA\SIM MAGANG\system\Database\BaseConnection.php(419): CodeIgniter\Database\MySQLi\Connection->connect(false)
#1 D:\A_PERKULIAHAN\SEMESTER 7\SKRIPSI NADILA CANTIK\CODING SIM MAGANG NADILA\SIM MAGANG\system\Database\BaseConnection.php(614): CodeIgniter\Database\BaseConnection->initialize()
#2 D:\A_PERKULIAHAN\SEMESTER 7\SKRIPSI NADILA CANTIK\CODING SIM MAGANG NADILA\SIM MAGANG\system\Database\BaseBuilder.php(1649): CodeIgniter\Database\BaseConnection->query('SELECT *\nFROM `...', Array, false)
#3 D:\A_PERKULIAHAN\SEMESTER 7\SKRIPSI NADILA CANTIK\CODING SIM MAGANG NADILA\SIM MAGANG\system\Model.php(286): CodeIgniter\Database\BaseBuilder->get()
#4 D:\A_PERKULIAHAN\SEMESTER 7\SKRIPSI NADILA CANTIK\CODING SIM MAGANG NADILA\SIM MAGANG\system\BaseModel.php(677): CodeIgniter\Model->doFindAll(10, 0)
#5 D:\A_PERKULIAHAN\SEMESTER 7\SKRIPSI NADILA CANTIK\CODING SIM MAGANG NADILA\SIM MAGANG\app\Controllers\Kelola_user.php(213): CodeIgniter\BaseModel->findAll(10)
#6 D:\A_PERKULIAHAN\SEMESTER 7\SKRIPSI NADILA CANTIK\CODING SIM MAGANG NADILA\SIM MAGANG\system\CodeIgniter.php(933): App\Controllers\Kelola_user->cariDosen()
#7 D:\A_PERKULIAHAN\SEMESTER 7\SKRIPSI NADILA CANTIK\CODING SIM MAGANG NADILA\SIM MAGANG\system\CodeIgniter.php(507): CodeIgniter\CodeIgniter->runController(Object(App\Controllers\Kelola_user))
#8 D:\A_PERKULIAHAN\SEMESTER 7\SKRIPSI NADILA CANTIK\CODING SIM MAGANG NADILA\SIM MAGANG\system\CodeIgniter.php(354): CodeIgniter\CodeIgniter->handleRequest(NULL, Object(Config\Cache), false)
#9 D:\A_PERKULIAHAN\SEMESTER 7\SKRIPSI NADILA CANTIK\CODING SIM MAGANG NADILA\SIM MAGANG\system\Boot.php(363): CodeIgniter\CodeIgniter->run()
#10 D:\A_PERKULIAHAN\SEMESTER 7\SKRIPSI NADILA CANTIK\CODING SIM MAGANG NADILA\SIM MAGANG\system\Boot.php(68): CodeIgniter\Boot::runCodeIgniter(Object(CodeIgniter\CodeIgniter))
#11 D:\A_PERKULIAHAN\SEMESTER 7\SKRIPSI NADILA CANTIK\CODING SIM MAGANG NADILA\SIM MAGANG\public\index.php(59): CodeIgniter\Boot::bootWeb(Object(Config\Paths))
#12 D:\A_PERKULIAHAN\SEMESTER 7\SKRIPSI NADILA CANTIK\CODING SIM MAGANG NADILA\SIM MAGANG\system\rewrite.php(44): require_once('D:\\A_PERKULIAHA...')
#13 {main}
CRITICAL - 2025-09-28 06:27:10 --> CodeIgniter\Database\Exceptions\DatabaseException: Unable to connect to the database.
Main connection [MySQLi]: No connection could be made because the target machine actively refused it
[Method: GET, Route: kelola_user/cariDosen]
in SYSTEMPATH\Database\BaseConnection.php on line 465.
 1 SYSTEMPATH\Database\BaseConnection.php(614): CodeIgniter\Database\BaseConnection->initialize()
 2 SYSTEMPATH\Database\BaseBuilder.php(1649): CodeIgniter\Database\BaseConnection->query('SELECT *
FROM `dosen`
WHERE `nama_lengkap` LIKE :nama_lengkap: ESCAPE \'!\'
OR  `nppy` LIKE :nppy: ESCAPE \'!\'
 LIMIT 10', [...], false)
 3 SYSTEMPATH\Model.php(286): CodeIgniter\Database\BaseBuilder->get()
 4 SYSTEMPATH\BaseModel.php(677): CodeIgniter\Model->doFindAll(10, 0)
 5 APPPATH\Controllers\Kelola_user.php(213): CodeIgniter\BaseModel->findAll(10)
 6 SYSTEMPATH\CodeIgniter.php(933): App\Controllers\Kelola_user->cariDosen()
 7 SYSTEMPATH\CodeIgniter.php(507): CodeIgniter\CodeIgniter->runController(Object(App\Controllers\Kelola_user))
 8 SYSTEMPATH\CodeIgniter.php(354): CodeIgniter\CodeIgniter->handleRequest(null, Object(Config\Cache), false)
 9 SYSTEMPATH\Boot.php(363): CodeIgniter\CodeIgniter->run()
10 SYSTEMPATH\Boot.php(68): CodeIgniter\Boot::runCodeIgniter(Object(CodeIgniter\CodeIgniter))
11 FCPATH\index.php(59): CodeIgniter\Boot::bootWeb(Object(Config\Paths))
12 SYSTEMPATH\rewrite.php(44): require_once('D:\\A_PERKULIAHAN\\SEMESTER 7\\SKRIPSI NADILA CANTIK\\CODING SIM MAGANG NADILA\\SIM MAGANG\\public\\index.php')
DEBUG - 2025-09-28 06:50:05 --> Session: Class initialized using 'CodeIgniter\Session\Handlers\FileHandler' driver.
DEBUG - 2025-09-28 06:50:50 --> Session: Class initialized using 'CodeIgniter\Session\Handlers\FileHandler' driver.
DEBUG - 2025-09-28 06:53:16 --> Session: Class initialized using 'CodeIgniter\Session\Handlers\FileHandler' driver.
DEBUG - 2025-09-28 06:59:27 --> Session: Class initialized using 'CodeIgniter\Session\Handlers\FileHandler' driver.
DEBUG - 2025-09-28 07:03:08 --> Session: Class initialized using 'CodeIgniter\Session\Handlers\FileHandler' driver.
DEBUG - 2025-09-28 07:12:01 --> Session: Class initialized using 'CodeIgniter\Session\Handlers\FileHandler' driver.
DEBUG - 2025-09-28 07:19:28 --> Session: Class initialized using 'CodeIgniter\Session\Handlers\FileHandler' driver.
DEBUG - 2025-09-28 07:26:57 --> Session: Class initialized using 'CodeIgniter\Session\Handlers\FileHandler' driver.
DEBUG - 2025-09-28 07:27:09 --> Session: Class initialized using 'CodeIgniter\Session\Handlers\FileHandler' driver.
DEBUG - 2025-09-28 07:27:09 --> Session: Class initialized using 'CodeIgniter\Session\Handlers\FileHandler' driver.
DEBUG - 2025-09-28 07:33:59 --> Session: Class initialized using 'CodeIgniter\Session\Handlers\FileHandler' driver.
DEBUG - 2025-09-28 07:35:12 --> Session: Class initialized using 'CodeIgniter\Session\Handlers\FileHandler' driver.
DEBUG - 2025-09-28 07:39:39 --> Session: Class initialized using 'CodeIgniter\Session\Handlers\FileHandler' driver.
DEBUG - 2025-09-28 07:39:49 --> Session: Class initialized using 'CodeIgniter\Session\Handlers\FileHandler' driver.
DEBUG - 2025-09-28 07:39:49 --> Session: Class initialized using 'CodeIgniter\Session\Handlers\FileHandler' driver.
DEBUG - 2025-09-28 07:40:08 --> Session: Class initialized using 'CodeIgniter\Session\Handlers\FileHandler' driver.
DEBUG - 2025-09-28 07:40:21 --> Session: Class initialized using 'CodeIgniter\Session\Handlers\FileHandler' driver.
DEBUG - 2025-09-28 07:40:21 --> Session: Class initialized using 'CodeIgniter\Session\Handlers\FileHandler' driver.
DEBUG - 2025-09-28 07:41:26 --> Session: Class initialized using 'CodeIgniter\Session\Handlers\FileHandler' driver.
DEBUG - 2025-09-28 08:01:48 --> Session: Class initialized using 'CodeIgniter\Session\Handlers\FileHandler' driver.
DEBUG - 2025-09-28 08:11:26 --> Session: Class initialized using 'CodeIgniter\Session\Handlers\FileHandler' driver.
DEBUG - 2025-09-28 08:19:07 --> Session: Class initialized using 'CodeIgniter\Session\Handlers\FileHandler' driver.
DEBUG - 2025-09-28 08:24:39 --> Session: Class initialized using 'CodeIgniter\Session\Handlers\FileHandler' driver.
DEBUG - 2025-09-28 08:25:17 --> Session: Class initialized using 'CodeIgniter\Session\Handlers\FileHandler' driver.
DEBUG - 2025-09-28 08:48:21 --> Session: Class initialized using 'CodeIgniter\Session\Handlers\FileHandler' driver.
DEBUG - 2025-09-28 08:48:51 --> Session: Class initialized using 'CodeIgniter\Session\Handlers\FileHandler' driver.
DEBUG - 2025-09-28 13:14:23 --> Session: Class initialized using 'CodeIgniter\Session\Handlers\FileHandler' driver.
DEBUG - 2025-09-28 13:14:41 --> Session: Class initialized using 'CodeIgniter\Session\Handlers\FileHandler' driver.
ERROR - 2025-09-28 13:15:02 --> mysqli_sql_exception: MySQL server has gone away in D:\A_PERKULIAHAN\SEMESTER 7\SKRIPSI NADILA CANTIK\CODING SIM MAGANG NADILA\SIM MAGANG\system\Database\MySQLi\Connection.php:327
Stack trace:
#0 D:\A_PERKULIAHAN\SEMESTER 7\SKRIPSI NADILA CANTIK\CODING SIM MAGANG NADILA\SIM MAGANG\system\Database\MySQLi\Connection.php(327): mysqli->query('SELECT *\nFROM `...', 0)
#1 D:\A_PERKULIAHAN\SEMESTER 7\SKRIPSI NADILA CANTIK\CODING SIM MAGANG NADILA\SIM MAGANG\system\Database\BaseConnection.php(729): CodeIgniter\Database\MySQLi\Connection->execute('SELECT *\nFROM `...')
#2 D:\A_PERKULIAHAN\SEMESTER 7\SKRIPSI NADILA CANTIK\CODING SIM MAGANG NADILA\SIM MAGANG\system\Database\BaseConnection.php(646): CodeIgniter\Database\BaseConnection->simpleQuery('SELECT *\nFROM `...')
#3 D:\A_PERKULIAHAN\SEMESTER 7\SKRIPSI NADILA CANTIK\CODING SIM MAGANG NADILA\SIM MAGANG\system\Database\BaseBuilder.php(1649): CodeIgniter\Database\BaseConnection->query('SELECT *\nFROM `...', Array, false)
#4 D:\A_PERKULIAHAN\SEMESTER 7\SKRIPSI NADILA CANTIK\CODING SIM MAGANG NADILA\SIM MAGANG\system\Model.php(210): CodeIgniter\Database\BaseBuilder->get()
#5 D:\A_PERKULIAHAN\SEMESTER 7\SKRIPSI NADILA CANTIK\CODING SIM MAGANG NADILA\SIM MAGANG\system\BaseModel.php(611): CodeIgniter\Model->doFind(true, '22.230.0072')
#6 D:\A_PERKULIAHAN\SEMESTER 7\SKRIPSI NADILA CANTIK\CODING SIM MAGANG NADILA\SIM MAGANG\app\Controllers\Kelola_user.php(25): CodeIgniter\BaseModel->find('22.230.0072')
#7 D:\A_PERKULIAHAN\SEMESTER 7\SKRIPSI NADILA CANTIK\CODING SIM MAGANG NADILA\SIM MAGANG\system\CodeIgniter.php(933): App\Controllers\Kelola_user->index()
#8 D:\A_PERKULIAHAN\SEMESTER 7\SKRIPSI NADILA CANTIK\CODING SIM MAGANG NADILA\SIM MAGANG\system\CodeIgniter.php(507): CodeIgniter\CodeIgniter->runController(Object(App\Controllers\Kelola_user))
#9 D:\A_PERKULIAHAN\SEMESTER 7\SKRIPSI NADILA CANTIK\CODING SIM MAGANG NADILA\SIM MAGANG\system\CodeIgniter.php(354): CodeIgniter\CodeIgniter->handleRequest(NULL, Object(Config\Cache), false)
#10 D:\A_PERKULIAHAN\SEMESTER 7\SKRIPSI NADILA CANTIK\CODING SIM MAGANG NADILA\SIM MAGANG\system\Boot.php(363): CodeIgniter\CodeIgniter->run()
#11 D:\A_PERKULIAHAN\SEMESTER 7\SKRIPSI NADILA CANTIK\CODING SIM MAGANG NADILA\SIM MAGANG\system\Boot.php(68): CodeIgniter\Boot::runCodeIgniter(Object(CodeIgniter\CodeIgniter))
#12 D:\A_PERKULIAHAN\SEMESTER 7\SKRIPSI NADILA CANTIK\CODING SIM MAGANG NADILA\SIM MAGANG\public\index.php(59): CodeIgniter\Boot::bootWeb(Object(Config\Paths))
#13 D:\A_PERKULIAHAN\SEMESTER 7\SKRIPSI NADILA CANTIK\CODING SIM MAGANG NADILA\SIM MAGANG\system\rewrite.php(44): require_once('D:\\A_PERKULIAHA...')
#14 {main}
CRITICAL - 2025-09-28 13:15:02 --> CodeIgniter\Database\Exceptions\DatabaseException: MySQL server has gone away
[Method: GET, Route: kelola_user]
in SYSTEMPATH\Database\BaseConnection.php on line 684.
 1 SYSTEMPATH\Database\BaseBuilder.php(1649): CodeIgniter\Database\BaseConnection->query('SELECT *
FROM `mahasiswa`
WHERE `mahasiswa`.`nim` = :mahasiswa.nim:', [...], false)
 2 SYSTEMPATH\Model.php(210): CodeIgniter\Database\BaseBuilder->get()
 3 SYSTEMPATH\BaseModel.php(611): CodeIgniter\Model->doFind(true, '22.230.0072')
 4 APPPATH\Controllers\Kelola_user.php(25): CodeIgniter\BaseModel->find('22.230.0072')
 5 SYSTEMPATH\CodeIgniter.php(933): App\Controllers\Kelola_user->index()
 6 SYSTEMPATH\CodeIgniter.php(507): CodeIgniter\CodeIgniter->runController(Object(App\Controllers\Kelola_user))
 7 SYSTEMPATH\CodeIgniter.php(354): CodeIgniter\CodeIgniter->handleRequest(null, Object(Config\Cache), false)
 8 SYSTEMPATH\Boot.php(363): CodeIgniter\CodeIgniter->run()
 9 SYSTEMPATH\Boot.php(68): CodeIgniter\Boot::runCodeIgniter(Object(CodeIgniter\CodeIgniter))
10 FCPATH\index.php(59): CodeIgniter\Boot::bootWeb(Object(Config\Paths))
11 SYSTEMPATH\rewrite.php(44): require_once('D:\\A_PERKULIAHAN\\SEMESTER 7\\SKRIPSI NADILA CANTIK\\CODING SIM MAGANG NADILA\\SIM MAGANG\\public\\index.php')
CRITICAL - 2025-09-28 13:15:02 --> [Caused by] CodeIgniter\Database\Exceptions\DatabaseException: MySQL server has gone away
in SYSTEMPATH\Database\MySQLi\Connection.php on line 332.
 1 SYSTEMPATH\Database\BaseConnection.php(729): CodeIgniter\Database\MySQLi\Connection->execute('SELECT *
FROM `mahasiswa`
WHERE `mahasiswa`.`nim` = \'22.230.0072\'')
 2 SYSTEMPATH\Database\BaseConnection.php(646): CodeIgniter\Database\BaseConnection->simpleQuery('SELECT *
FROM `mahasiswa`
WHERE `mahasiswa`.`nim` = \'22.230.0072\'')
 3 SYSTEMPATH\Database\BaseBuilder.php(1649): CodeIgniter\Database\BaseConnection->query('SELECT *
FROM `mahasiswa`
WHERE `mahasiswa`.`nim` = :mahasiswa.nim:', [...], false)
 4 SYSTEMPATH\Model.php(210): CodeIgniter\Database\BaseBuilder->get()
 5 SYSTEMPATH\BaseModel.php(611): CodeIgniter\Model->doFind(true, '22.230.0072')
 6 APPPATH\Controllers\Kelola_user.php(25): CodeIgniter\BaseModel->find('22.230.0072')
 7 SYSTEMPATH\CodeIgniter.php(933): App\Controllers\Kelola_user->index()
 8 SYSTEMPATH\CodeIgniter.php(507): CodeIgniter\CodeIgniter->runController(Object(App\Controllers\Kelola_user))
 9 SYSTEMPATH\CodeIgniter.php(354): CodeIgniter\CodeIgniter->handleRequest(null, Object(Config\Cache), false)
10 SYSTEMPATH\Boot.php(363): CodeIgniter\CodeIgniter->run()
11 SYSTEMPATH\Boot.php(68): CodeIgniter\Boot::runCodeIgniter(Object(CodeIgniter\CodeIgniter))
12 FCPATH\index.php(59): CodeIgniter\Boot::bootWeb(Object(Config\Paths))
13 SYSTEMPATH\rewrite.php(44): require_once('D:\\A_PERKULIAHAN\\SEMESTER 7\\SKRIPSI NADILA CANTIK\\CODING SIM MAGANG NADILA\\SIM MAGANG\\public\\index.php')
CRITICAL - 2025-09-28 13:15:02 --> [Caused by] mysqli_sql_exception: MySQL server has gone away
in SYSTEMPATH\Database\MySQLi\Connection.php on line 327.
 1 SYSTEMPATH\Database\MySQLi\Connection.php(327): mysqli->query('SELECT *
FROM `mahasiswa`
WHERE `mahasiswa`.`nim` = \'22.230.0072\'', 0)
 2 SYSTEMPATH\Database\BaseConnection.php(729): CodeIgniter\Database\MySQLi\Connection->execute('SELECT *
FROM `mahasiswa`
WHERE `mahasiswa`.`nim` = \'22.230.0072\'')
 3 SYSTEMPATH\Database\BaseConnection.php(646): CodeIgniter\Database\BaseConnection->simpleQuery('SELECT *
FROM `mahasiswa`
WHERE `mahasiswa`.`nim` = \'22.230.0072\'')
 4 SYSTEMPATH\Database\BaseBuilder.php(1649): CodeIgniter\Database\BaseConnection->query('SELECT *
FROM `mahasiswa`
WHERE `mahasiswa`.`nim` = :mahasiswa.nim:', [...], false)
 5 SYSTEMPATH\Model.php(210): CodeIgniter\Database\BaseBuilder->get()
 6 SYSTEMPATH\BaseModel.php(611): CodeIgniter\Model->doFind(true, '22.230.0072')
 7 APPPATH\Controllers\Kelola_user.php(25): CodeIgniter\BaseModel->find('22.230.0072')
 8 SYSTEMPATH\CodeIgniter.php(933): App\Controllers\Kelola_user->index()
 9 SYSTEMPATH\CodeIgniter.php(507): CodeIgniter\CodeIgniter->runController(Object(App\Controllers\Kelola_user))
10 SYSTEMPATH\CodeIgniter.php(354): CodeIgniter\CodeIgniter->handleRequest(null, Object(Config\Cache), false)
11 SYSTEMPATH\Boot.php(363): CodeIgniter\CodeIgniter->run()
12 SYSTEMPATH\Boot.php(68): CodeIgniter\Boot::runCodeIgniter(Object(CodeIgniter\CodeIgniter))
13 FCPATH\index.php(59): CodeIgniter\Boot::bootWeb(Object(Config\Paths))
14 SYSTEMPATH\rewrite.php(44): require_once('D:\\A_PERKULIAHAN\\SEMESTER 7\\SKRIPSI NADILA CANTIK\\CODING SIM MAGANG NADILA\\SIM MAGANG\\public\\index.php')
DEBUG - 2025-09-28 13:15:18 --> Session: Class initialized using 'CodeIgniter\Session\Handlers\FileHandler' driver.
DEBUG - 2025-09-28 13:28:05 --> Session: Class initialized using 'CodeIgniter\Session\Handlers\FileHandler' driver.
DEBUG - 2025-09-28 13:28:55 --> === DEBUG simpanAjax ===
DEBUG - 2025-09-28 13:28:55 --> role => dospem
DEBUG - 2025-09-28 13:28:55 --> nim => 
DEBUG - 2025-09-28 13:28:55 --> nppy => 
DEBUG - 2025-09-28 13:28:55 --> id_unit => 
DEBUG - 2025-09-28 13:28:55 --> username => 
DEBUG - 2025-09-28 13:28:55 --> password => 
DEBUG - 2025-09-28 13:28:55 --> status => aktif
DEBUG - 2025-09-28 13:28:55 --> =========================
DEBUG - 2025-09-28 13:37:35 --> Session: Class initialized using 'CodeIgniter\Session\Handlers\FileHandler' driver.
DEBUG - 2025-09-28 13:37:44 --> === DEBUG simpanAjax ===
DEBUG - 2025-09-28 13:37:44 --> role => dospem
DEBUG - 2025-09-28 13:37:44 --> nim => 
DEBUG - 2025-09-28 13:37:44 --> nppy => 
DEBUG - 2025-09-28 13:37:44 --> id_unit => 
DEBUG - 2025-09-28 13:37:44 --> username => 
DEBUG - 2025-09-28 13:37:44 --> password => 
DEBUG - 2025-09-28 13:37:44 --> status => aktif
DEBUG - 2025-09-28 13:37:44 --> =========================
DEBUG - 2025-09-28 13:40:35 --> === DEBUG simpanAjax ===
DEBUG - 2025-09-28 13:40:35 --> role => dospem
DEBUG - 2025-09-28 13:40:35 --> nim => 
DEBUG - 2025-09-28 13:40:35 --> nppy => 
DEBUG - 2025-09-28 13:40:35 --> id_unit => 
DEBUG - 2025-09-28 13:40:35 --> username => 
DEBUG - 2025-09-28 13:40:35 --> password => 
DEBUG - 2025-09-28 13:40:35 --> status => aktif
DEBUG - 2025-09-28 13:40:35 --> =========================
DEBUG - 2025-09-28 13:40:51 --> === DEBUG simpanAjax ===
DEBUG - 2025-09-28 13:40:51 --> role => dospem
DEBUG - 2025-09-28 13:40:51 --> nim => 
DEBUG - 2025-09-28 13:40:51 --> nppy => 
DEBUG - 2025-09-28 13:40:51 --> id_unit => 
DEBUG - 2025-09-28 13:40:51 --> username => 
DEBUG - 2025-09-28 13:40:51 --> password => 
DEBUG - 2025-09-28 13:40:51 --> status => aktif
DEBUG - 2025-09-28 13:40:51 --> =========================
DEBUG - 2025-09-28 13:40:53 --> === DEBUG simpanAjax ===
DEBUG - 2025-09-28 13:40:53 --> role => dospem
DEBUG - 2025-09-28 13:40:53 --> nim => 
DEBUG - 2025-09-28 13:40:53 --> nppy => 
DEBUG - 2025-09-28 13:40:53 --> id_unit => 
DEBUG - 2025-09-28 13:40:53 --> username => 
DEBUG - 2025-09-28 13:40:53 --> password => 
DEBUG - 2025-09-28 13:40:53 --> status => aktif
DEBUG - 2025-09-28 13:40:53 --> =========================
DEBUG - 2025-09-28 13:42:14 --> Session: Class initialized using 'CodeIgniter\Session\Handlers\FileHandler' driver.
DEBUG - 2025-09-28 13:42:25 --> === DEBUG simpanAjax ===
DEBUG - 2025-09-28 13:42:25 --> role => dospem
DEBUG - 2025-09-28 13:42:25 --> nim => 
DEBUG - 2025-09-28 13:42:25 --> nppy => 
DEBUG - 2025-09-28 13:42:25 --> id_unit => 
DEBUG - 2025-09-28 13:42:25 --> username => 
DEBUG - 2025-09-28 13:42:25 --> password => 
DEBUG - 2025-09-28 13:42:25 --> status => aktif
DEBUG - 2025-09-28 13:42:25 --> =========================
DEBUG - 2025-09-28 13:47:07 --> Session: Class initialized using 'CodeIgniter\Session\Handlers\FileHandler' driver.
DEBUG - 2025-09-28 13:48:34 --> Session: Class initialized using 'CodeIgniter\Session\Handlers\FileHandler' driver.
DEBUG - 2025-09-28 13:48:46 --> === DEBUG simpanAjax ===
DEBUG - 2025-09-28 13:48:46 --> role => dospem
DEBUG - 2025-09-28 13:48:46 --> nim => 
DEBUG - 2025-09-28 13:48:46 --> nppy => 
DEBUG - 2025-09-28 13:48:46 --> id_unit => 
DEBUG - 2025-09-28 13:48:46 --> username => 
DEBUG - 2025-09-28 13:48:46 --> password => 
DEBUG - 2025-09-28 13:48:46 --> status => aktif
DEBUG - 2025-09-28 13:48:46 --> =========================
DEBUG - 2025-09-28 13:49:07 --> Session: Class initialized using 'CodeIgniter\Session\Handlers\FileHandler' driver.
DEBUG - 2025-09-28 13:49:17 --> === DEBUG simpanAjax ===
DEBUG - 2025-09-28 13:49:17 --> role => dospem
DEBUG - 2025-09-28 13:49:17 --> nim => 
DEBUG - 2025-09-28 13:49:17 --> nppy => 
DEBUG - 2025-09-28 13:49:17 --> id_unit => 
DEBUG - 2025-09-28 13:49:17 --> username => 
DEBUG - 2025-09-28 13:49:17 --> password => 
DEBUG - 2025-09-28 13:49:17 --> status => aktif
DEBUG - 2025-09-28 13:49:17 --> =========================
DEBUG - 2025-09-28 13:49:48 --> Session: Class initialized using 'CodeIgniter\Session\Handlers\FileHandler' driver.
DEBUG - 2025-09-28 13:50:00 --> === DEBUG simpanAjax ===
DEBUG - 2025-09-28 13:50:00 --> role => kaprodi
DEBUG - 2025-09-28 13:50:00 --> nim => 
DEBUG - 2025-09-28 13:50:00 --> nppy => 150901.840531.037
DEBUG - 2025-09-28 13:50:00 --> id_unit => 
DEBUG - 2025-09-28 13:50:00 --> username => 
DEBUG - 2025-09-28 13:50:00 --> password => 
DEBUG - 2025-09-28 13:50:00 --> status => aktif
DEBUG - 2025-09-28 13:50:00 --> =========================
DEBUG - 2025-09-28 13:50:00 --> Session: Class initialized using 'CodeIgniter\Session\Handlers\FileHandler' driver.
DEBUG - 2025-09-28 13:50:01 --> Session: Class initialized using 'CodeIgniter\Session\Handlers\FileHandler' driver.
DEBUG - 2025-09-28 13:51:50 --> Session: Class initialized using 'CodeIgniter\Session\Handlers\FileHandler' driver.
DEBUG - 2025-09-28 13:52:00 --> === DEBUG simpanAjax ===
DEBUG - 2025-09-28 13:52:00 --> role => dospem
DEBUG - 2025-09-28 13:52:00 --> nim => 
DEBUG - 2025-09-28 13:52:00 --> nppy => 
DEBUG - 2025-09-28 13:52:00 --> id_unit => 
DEBUG - 2025-09-28 13:52:00 --> username => 
DEBUG - 2025-09-28 13:52:00 --> password => 
DEBUG - 2025-09-28 13:52:00 --> status => aktif
DEBUG - 2025-09-28 13:52:00 --> =========================
DEBUG - 2025-09-28 14:10:34 --> Session: Class initialized using 'CodeIgniter\Session\Handlers\FileHandler' driver.
DEBUG - 2025-09-28 14:11:34 --> Session: Class initialized using 'CodeIgniter\Session\Handlers\FileHandler' driver.
DEBUG - 2025-09-28 14:11:59 --> Session: Class initialized using 'CodeIgniter\Session\Handlers\FileHandler' driver.
DEBUG - 2025-09-28 14:12:12 --> === DEBUG simpanAjax ===
DEBUG - 2025-09-28 14:12:12 --> role => dospem
DEBUG - 2025-09-28 14:12:12 --> nim => 
DEBUG - 2025-09-28 14:12:12 --> nppy => 
DEBUG - 2025-09-28 14:12:12 --> id_unit => 
DEBUG - 2025-09-28 14:12:12 --> username => 
DEBUG - 2025-09-28 14:12:12 --> password => 
DEBUG - 2025-09-28 14:12:12 --> status => aktif
DEBUG - 2025-09-28 14:12:12 --> =========================
DEBUG - 2025-09-28 14:16:32 --> Session: Class initialized using 'CodeIgniter\Session\Handlers\FileHandler' driver.
DEBUG - 2025-09-28 14:16:41 --> === DEBUG simpanAjax ===
DEBUG - 2025-09-28 14:16:41 --> role => dospem
DEBUG - 2025-09-28 14:16:41 --> nim => 
DEBUG - 2025-09-28 14:16:41 --> nppy_dosen => 140102.860722.058
DEBUG - 2025-09-28 14:16:41 --> nppy_kaprodi => 
DEBUG - 2025-09-28 14:16:41 --> id_unit => 
DEBUG - 2025-09-28 14:16:41 --> username => 
DEBUG - 2025-09-28 14:16:41 --> password => 
DEBUG - 2025-09-28 14:16:41 --> status => aktif
DEBUG - 2025-09-28 14:16:41 --> =========================
DEBUG - 2025-09-28 14:16:41 --> Session: Class initialized using 'CodeIgniter\Session\Handlers\FileHandler' driver.
DEBUG - 2025-09-28 14:16:41 --> Session: Class initialized using 'CodeIgniter\Session\Handlers\FileHandler' driver.
DEBUG - 2025-09-28 14:16:55 --> === DEBUG simpanAjax ===
DEBUG - 2025-09-28 14:16:55 --> role => dospem
DEBUG - 2025-09-28 14:16:55 --> nim => 
DEBUG - 2025-09-28 14:16:55 --> nppy_dosen => 150901.840531.037
DEBUG - 2025-09-28 14:16:55 --> nppy_kaprodi => 
DEBUG - 2025-09-28 14:16:55 --> id_unit => 
DEBUG - 2025-09-28 14:16:55 --> username => 
DEBUG - 2025-09-28 14:16:55 --> password => 
DEBUG - 2025-09-28 14:16:55 --> status => aktif
DEBUG - 2025-09-28 14:16:55 --> =========================
DEBUG - 2025-09-28 14:16:55 --> Session: Class initialized using 'CodeIgniter\Session\Handlers\FileHandler' driver.
DEBUG - 2025-09-28 14:16:56 --> Session: Class initialized using 'CodeIgniter\Session\Handlers\FileHandler' driver.
DEBUG - 2025-09-28 14:32:22 --> Session: Class initialized using 'CodeIgniter\Session\Handlers\FileHandler' driver.
DEBUG - 2025-09-28 14:34:05 --> Session: Class initialized using 'CodeIgniter\Session\Handlers\FileHandler' driver.
DEBUG - 2025-09-28 14:37:25 --> Session: Class initialized using 'CodeIgniter\Session\Handlers\FileHandler' driver.
DEBUG - 2025-09-28 14:39:35 --> Session: Class initialized using 'CodeIgniter\Session\Handlers\FileHandler' driver.
DEBUG - 2025-09-28 14:40:07 --> Session: Class initialized using 'CodeIgniter\Session\Handlers\FileHandler' driver.
DEBUG - 2025-09-28 14:40:34 --> Session: Class initialized using 'CodeIgniter\Session\Handlers\FileHandler' driver.
DEBUG - 2025-09-28 14:41:33 --> Session: Class initialized using 'CodeIgniter\Session\Handlers\FileHandler' driver.
DEBUG - 2025-09-28 14:41:58 --> Session: Class initialized using 'CodeIgniter\Session\Handlers\FileHandler' driver.
DEBUG - 2025-09-28 14:58:09 --> Session: Class initialized using 'CodeIgniter\Session\Handlers\FileHandler' driver.
DEBUG - 2025-09-28 14:59:52 --> Session: Class initialized using 'CodeIgniter\Session\Handlers\FileHandler' driver.
DEBUG - 2025-09-28 15:14:06 --> Session: Class initialized using 'CodeIgniter\Session\Handlers\FileHandler' driver.
DEBUG - 2025-09-28 15:16:43 --> Session: Class initialized using 'CodeIgniter\Session\Handlers\FileHandler' driver.
DEBUG - 2025-09-28 15:17:43 --> Session: Class initialized using 'CodeIgniter\Session\Handlers\FileHandler' driver.
DEBUG - 2025-09-28 15:19:14 --> Session: Class initialized using 'CodeIgniter\Session\Handlers\FileHandler' driver.
DEBUG - 2025-09-28 15:24:30 --> Session: Class initialized using 'CodeIgniter\Session\Handlers\FileHandler' driver.
DEBUG - 2025-09-28 15:25:44 --> Session: Class initialized using 'CodeIgniter\Session\Handlers\FileHandler' driver.
DEBUG - 2025-09-28 15:29:03 --> Session: Class initialized using 'CodeIgniter\Session\Handlers\FileHandler' driver.
DEBUG - 2025-09-28 15:30:40 --> Session: Class initialized using 'CodeIgniter\Session\Handlers\FileHandler' driver.
DEBUG - 2025-09-28 15:31:30 --> Session: Class initialized using 'CodeIgniter\Session\Handlers\FileHandler' driver.
DEBUG - 2025-09-28 15:36:43 --> Session: Class initialized using 'CodeIgniter\Session\Handlers\FileHandler' driver.
DEBUG - 2025-09-28 15:36:56 --> Session: Class initialized using 'CodeIgniter\Session\Handlers\FileHandler' driver.
DEBUG - 2025-09-28 15:37:03 --> Session: Class initialized using 'CodeIgniter\Session\Handlers\FileHandler' driver.
DEBUG - 2025-09-28 15:37:21 --> Session: Class initialized using 'CodeIgniter\Session\Handlers\FileHandler' driver.
DEBUG - 2025-09-28 15:37:48 --> Session: Class initialized using 'CodeIgniter\Session\Handlers\FileHandler' driver.
DEBUG - 2025-09-28 15:37:55 --> Session: Class initialized using 'CodeIgniter\Session\Handlers\FileHandler' driver.
DEBUG - 2025-09-28 15:39:32 --> Session: Class initialized using 'CodeIgniter\Session\Handlers\FileHandler' driver.
DEBUG - 2025-09-28 15:39:50 --> Session: Class initialized using 'CodeIgniter\Session\Handlers\FileHandler' driver.
DEBUG - 2025-09-28 15:40:02 --> Session: Class initialized using 'CodeIgniter\Session\Handlers\FileHandler' driver.
DEBUG - 2025-09-28 15:41:04 --> Session: Class initialized using 'CodeIgniter\Session\Handlers\FileHandler' driver.
DEBUG - 2025-09-28 15:43:17 --> Session: Class initialized using 'CodeIgniter\Session\Handlers\FileHandler' driver.
DEBUG - 2025-09-28 15:46:21 --> Session: Class initialized using 'CodeIgniter\Session\Handlers\FileHandler' driver.
DEBUG - 2025-09-28 15:46:30 --> Session: Class initialized using 'CodeIgniter\Session\Handlers\FileHandler' driver.
DEBUG - 2025-09-28 15:46:44 --> Session: Class initialized using 'CodeIgniter\Session\Handlers\FileHandler' driver.
DEBUG - 2025-09-28 15:46:54 --> Session: Class initialized using 'CodeIgniter\Session\Handlers\FileHandler' driver.
DEBUG - 2025-09-28 15:49:51 --> Session: Class initialized using 'CodeIgniter\Session\Handlers\FileHandler' driver.
DEBUG - 2025-09-28 15:50:02 --> Session: Class initialized using 'CodeIgniter\Session\Handlers\FileHandler' driver.
DEBUG - 2025-09-28 15:50:39 --> Session: Class initialized using 'CodeIgniter\Session\Handlers\FileHandler' driver.
DEBUG - 2025-09-28 15:50:48 --> Session: Class initialized using 'CodeIgniter\Session\Handlers\FileHandler' driver.
DEBUG - 2025-09-28 15:55:52 --> Session: Class initialized using 'CodeIgniter\Session\Handlers\FileHandler' driver.
DEBUG - 2025-09-28 15:55:52 --> Session: Class initialized using 'CodeIgniter\Session\Handlers\FileHandler' driver.
DEBUG - 2025-09-28 15:56:12 --> Session: Class initialized using 'CodeIgniter\Session\Handlers\FileHandler' driver.
DEBUG - 2025-09-28 15:56:19 --> Session: Class initialized using 'CodeIgniter\Session\Handlers\FileHandler' driver.
DEBUG - 2025-09-28 15:56:19 --> Session: Class initialized using 'CodeIgniter\Session\Handlers\FileHandler' driver.
DEBUG - 2025-09-28 15:58:08 --> Session: Class initialized using 'CodeIgniter\Session\Handlers\FileHandler' driver.
DEBUG - 2025-09-28 15:58:15 --> Session: Class initialized using 'CodeIgniter\Session\Handlers\FileHandler' driver.
DEBUG - 2025-09-28 15:58:15 --> Session: Class initialized using 'CodeIgniter\Session\Handlers\FileHandler' driver.
DEBUG - 2025-09-28 16:01:15 --> Session: Class initialized using 'CodeIgniter\Session\Handlers\FileHandler' driver.
DEBUG - 2025-09-28 16:01:22 --> Session: Class initialized using 'CodeIgniter\Session\Handlers\FileHandler' driver.
DEBUG - 2025-09-28 16:01:23 --> Session: Class initialized using 'CodeIgniter\Session\Handlers\FileHandler' driver.
DEBUG - 2025-09-28 16:01:40 --> Session: Class initialized using 'CodeIgniter\Session\Handlers\FileHandler' driver.
DEBUG - 2025-09-28 16:01:40 --> Session: Class initialized using 'CodeIgniter\Session\Handlers\FileHandler' driver.
DEBUG - 2025-09-28 16:01:52 --> Session: Class initialized using 'CodeIgniter\Session\Handlers\FileHandler' driver.
DEBUG - 2025-09-28 16:01:52 --> Session: Class initialized using 'CodeIgniter\Session\Handlers\FileHandler' driver.
CRITICAL - 2025-09-28 16:12:51 --> ErrorException: Cannot redeclare App\Models\UserModel::$useSoftDeletes
[Method: GET, Route: kelola_user]
in APPPATH\Models\UserModel.php on line 27.
 1 [internal function]: CodeIgniter\Debug\Exceptions->shutdownHandler()
ERROR - 2025-09-28 16:14:50 --> mysqli_sql_exception: Unknown column 'user.deleted_at' in 'where clause' in D:\A_PERKULIAHAN\SEMESTER 7\SKRIPSI NADILA CANTIK\CODING SIM MAGANG NADILA\SIM MAGANG\system\Database\MySQLi\Connection.php:327
Stack trace:
#0 D:\A_PERKULIAHAN\SEMESTER 7\SKRIPSI NADILA CANTIK\CODING SIM MAGANG NADILA\SIM MAGANG\system\Database\MySQLi\Connection.php(327): mysqli->query('SELECT *\nFROM `...', 0)
#1 D:\A_PERKULIAHAN\SEMESTER 7\SKRIPSI NADILA CANTIK\CODING SIM MAGANG NADILA\SIM MAGANG\system\Database\BaseConnection.php(729): CodeIgniter\Database\MySQLi\Connection->execute('SELECT *\nFROM `...')
#2 D:\A_PERKULIAHAN\SEMESTER 7\SKRIPSI NADILA CANTIK\CODING SIM MAGANG NADILA\SIM MAGANG\system\Database\BaseConnection.php(646): CodeIgniter\Database\BaseConnection->simpleQuery('SELECT *\nFROM `...')
#3 D:\A_PERKULIAHAN\SEMESTER 7\SKRIPSI NADILA CANTIK\CODING SIM MAGANG NADILA\SIM MAGANG\system\Database\BaseBuilder.php(1649): CodeIgniter\Database\BaseConnection->query('SELECT *\nFROM `...', Array, false)
#4 D:\A_PERKULIAHAN\SEMESTER 7\SKRIPSI NADILA CANTIK\CODING SIM MAGANG NADILA\SIM MAGANG\system\Model.php(286): CodeIgniter\Database\BaseBuilder->get()
#5 D:\A_PERKULIAHAN\SEMESTER 7\SKRIPSI NADILA CANTIK\CODING SIM MAGANG NADILA\SIM MAGANG\system\BaseModel.php(677): CodeIgniter\Model->doFindAll(0, 0)
#6 D:\A_PERKULIAHAN\SEMESTER 7\SKRIPSI NADILA CANTIK\CODING SIM MAGANG NADILA\SIM MAGANG\app\Controllers\Kelola_user.php(21): CodeIgniter\BaseModel->findAll()
#7 D:\A_PERKULIAHAN\SEMESTER 7\SKRIPSI NADILA CANTIK\CODING SIM MAGANG NADILA\SIM MAGANG\system\CodeIgniter.php(933): App\Controllers\Kelola_user->index()
#8 D:\A_PERKULIAHAN\SEMESTER 7\SKRIPSI NADILA CANTIK\CODING SIM MAGANG NADILA\SIM MAGANG\system\CodeIgniter.php(507): CodeIgniter\CodeIgniter->runController(Object(App\Controllers\Kelola_user))
#9 D:\A_PERKULIAHAN\SEMESTER 7\SKRIPSI NADILA CANTIK\CODING SIM MAGANG NADILA\SIM MAGANG\system\CodeIgniter.php(354): CodeIgniter\CodeIgniter->handleRequest(NULL, Object(Config\Cache), false)
#10 D:\A_PERKULIAHAN\SEMESTER 7\SKRIPSI NADILA CANTIK\CODING SIM MAGANG NADILA\SIM MAGANG\system\Boot.php(363): CodeIgniter\CodeIgniter->run()
#11 D:\A_PERKULIAHAN\SEMESTER 7\SKRIPSI NADILA CANTIK\CODING SIM MAGANG NADILA\SIM MAGANG\system\Boot.php(68): CodeIgniter\Boot::runCodeIgniter(Object(CodeIgniter\CodeIgniter))
#12 D:\A_PERKULIAHAN\SEMESTER 7\SKRIPSI NADILA CANTIK\CODING SIM MAGANG NADILA\SIM MAGANG\public\index.php(59): CodeIgniter\Boot::bootWeb(Object(Config\Paths))
#13 D:\A_PERKULIAHAN\SEMESTER 7\SKRIPSI NADILA CANTIK\CODING SIM MAGANG NADILA\SIM MAGANG\system\rewrite.php(44): require_once('D:\\A_PERKULIAHA...')
#14 {main}
CRITICAL - 2025-09-28 16:14:50 --> CodeIgniter\Database\Exceptions\DatabaseException: Unknown column 'user.deleted_at' in 'where clause'
[Method: GET, Route: kelola_user]
in SYSTEMPATH\Database\BaseConnection.php on line 684.
 1 SYSTEMPATH\Database\BaseBuilder.php(1649): CodeIgniter\Database\BaseConnection->query('SELECT *
FROM `user`
WHERE `user`.`deleted_at` IS NULL', [], false)
 2 SYSTEMPATH\Model.php(286): CodeIgniter\Database\BaseBuilder->get()
 3 SYSTEMPATH\BaseModel.php(677): CodeIgniter\Model->doFindAll(0, 0)
 4 APPPATH\Controllers\Kelola_user.php(21): CodeIgniter\BaseModel->findAll()
 5 SYSTEMPATH\CodeIgniter.php(933): App\Controllers\Kelola_user->index()
 6 SYSTEMPATH\CodeIgniter.php(507): CodeIgniter\CodeIgniter->runController(Object(App\Controllers\Kelola_user))
 7 SYSTEMPATH\CodeIgniter.php(354): CodeIgniter\CodeIgniter->handleRequest(null, Object(Config\Cache), false)
 8 SYSTEMPATH\Boot.php(363): CodeIgniter\CodeIgniter->run()
 9 SYSTEMPATH\Boot.php(68): CodeIgniter\Boot::runCodeIgniter(Object(CodeIgniter\CodeIgniter))
10 FCPATH\index.php(59): CodeIgniter\Boot::bootWeb(Object(Config\Paths))
11 SYSTEMPATH\rewrite.php(44): require_once('D:\\A_PERKULIAHAN\\SEMESTER 7\\SKRIPSI NADILA CANTIK\\CODING SIM MAGANG NADILA\\SIM MAGANG\\public\\index.php')
CRITICAL - 2025-09-28 16:14:50 --> [Caused by] CodeIgniter\Database\Exceptions\DatabaseException: Unknown column 'user.deleted_at' in 'where clause'
in SYSTEMPATH\Database\MySQLi\Connection.php on line 332.
 1 SYSTEMPATH\Database\BaseConnection.php(729): CodeIgniter\Database\MySQLi\Connection->execute('SELECT *
FROM `user`
WHERE `user`.`deleted_at` IS NULL')
 2 SYSTEMPATH\Database\BaseConnection.php(646): CodeIgniter\Database\BaseConnection->simpleQuery('SELECT *
FROM `user`
WHERE `user`.`deleted_at` IS NULL')
 3 SYSTEMPATH\Database\BaseBuilder.php(1649): CodeIgniter\Database\BaseConnection->query('SELECT *
FROM `user`
WHERE `user`.`deleted_at` IS NULL', [], false)
 4 SYSTEMPATH\Model.php(286): CodeIgniter\Database\BaseBuilder->get()
 5 SYSTEMPATH\BaseModel.php(677): CodeIgniter\Model->doFindAll(0, 0)
 6 APPPATH\Controllers\Kelola_user.php(21): CodeIgniter\BaseModel->findAll()
 7 SYSTEMPATH\CodeIgniter.php(933): App\Controllers\Kelola_user->index()
 8 SYSTEMPATH\CodeIgniter.php(507): CodeIgniter\CodeIgniter->runController(Object(App\Controllers\Kelola_user))
 9 SYSTEMPATH\CodeIgniter.php(354): CodeIgniter\CodeIgniter->handleRequest(null, Object(Config\Cache), false)
10 SYSTEMPATH\Boot.php(363): CodeIgniter\CodeIgniter->run()
11 SYSTEMPATH\Boot.php(68): CodeIgniter\Boot::runCodeIgniter(Object(CodeIgniter\CodeIgniter))
12 FCPATH\index.php(59): CodeIgniter\Boot::bootWeb(Object(Config\Paths))
13 SYSTEMPATH\rewrite.php(44): require_once('D:\\A_PERKULIAHAN\\SEMESTER 7\\SKRIPSI NADILA CANTIK\\CODING SIM MAGANG NADILA\\SIM MAGANG\\public\\index.php')
CRITICAL - 2025-09-28 16:14:50 --> [Caused by] mysqli_sql_exception: Unknown column 'user.deleted_at' in 'where clause'
in SYSTEMPATH\Database\MySQLi\Connection.php on line 327.
 1 SYSTEMPATH\Database\MySQLi\Connection.php(327): mysqli->query('SELECT *
FROM `user`
WHERE `user`.`deleted_at` IS NULL', 0)
 2 SYSTEMPATH\Database\BaseConnection.php(729): CodeIgniter\Database\MySQLi\Connection->execute('SELECT *
FROM `user`
WHERE `user`.`deleted_at` IS NULL')
 3 SYSTEMPATH\Database\BaseConnection.php(646): CodeIgniter\Database\BaseConnection->simpleQuery('SELECT *
FROM `user`
WHERE `user`.`deleted_at` IS NULL')
 4 SYSTEMPATH\Database\BaseBuilder.php(1649): CodeIgniter\Database\BaseConnection->query('SELECT *
FROM `user`
WHERE `user`.`deleted_at` IS NULL', [], false)
 5 SYSTEMPATH\Model.php(286): CodeIgniter\Database\BaseBuilder->get()
 6 SYSTEMPATH\BaseModel.php(677): CodeIgniter\Model->doFindAll(0, 0)
 7 APPPATH\Controllers\Kelola_user.php(21): CodeIgniter\BaseModel->findAll()
 8 SYSTEMPATH\CodeIgniter.php(933): App\Controllers\Kelola_user->index()
 9 SYSTEMPATH\CodeIgniter.php(507): CodeIgniter\CodeIgniter->runController(Object(App\Controllers\Kelola_user))
10 SYSTEMPATH\CodeIgniter.php(354): CodeIgniter\CodeIgniter->handleRequest(null, Object(Config\Cache), false)
11 SYSTEMPATH\Boot.php(363): CodeIgniter\CodeIgniter->run()
12 SYSTEMPATH\Boot.php(68): CodeIgniter\Boot::runCodeIgniter(Object(CodeIgniter\CodeIgniter))
13 FCPATH\index.php(59): CodeIgniter\Boot::bootWeb(Object(Config\Paths))
14 SYSTEMPATH\rewrite.php(44): require_once('D:\\A_PERKULIAHAN\\SEMESTER 7\\SKRIPSI NADILA CANTIK\\CODING SIM MAGANG NADILA\\SIM MAGANG\\public\\index.php')
DEBUG - 2025-09-28 16:16:00 --> Session: Class initialized using 'CodeIgniter\Session\Handlers\FileHandler' driver.
DEBUG - 2025-09-28 16:17:16 --> Session: Class initialized using 'CodeIgniter\Session\Handlers\FileHandler' driver.
DEBUG - 2025-09-28 16:18:42 --> Session: Class initialized using 'CodeIgniter\Session\Handlers\FileHandler' driver.
DEBUG - 2025-09-28 16:19:59 --> Session: Class initialized using 'CodeIgniter\Session\Handlers\FileHandler' driver.
DEBUG - 2025-09-28 16:23:44 --> Session: Class initialized using 'CodeIgniter\Session\Handlers\FileHandler' driver.
DEBUG - 2025-09-28 16:25:41 --> Session: Class initialized using 'CodeIgniter\Session\Handlers\FileHandler' driver.
DEBUG - 2025-09-28 16:26:54 --> Session: Class initialized using 'CodeIgniter\Session\Handlers\FileHandler' driver.
DEBUG - 2025-09-28 16:27:16 --> Session: Class initialized using 'CodeIgniter\Session\Handlers\FileHandler' driver.
DEBUG - 2025-09-28 16:31:41 --> Session: Class initialized using 'CodeIgniter\Session\Handlers\FileHandler' driver.
DEBUG - 2025-09-28 16:31:50 --> Session: Class initialized using 'CodeIgniter\Session\Handlers\FileHandler' driver.
DEBUG - 2025-09-28 16:32:32 --> Session: Class initialized using 'CodeIgniter\Session\Handlers\FileHandler' driver.
DEBUG - 2025-09-28 16:32:53 --> Session: Class initialized using 'CodeIgniter\Session\Handlers\FileHandler' driver.
