DEBUG - 2025-09-26 08:14:59 --> Session: Class initialized using 'CodeIgniter\Session\Handlers\FileHandler' driver.
DEBUG - 2025-09-26 08:15:19 --> Session: Class initialized using 'CodeIgniter\Session\Handlers\FileHandler' driver.
ERROR - 2025-09-26 08:15:51 --> mysqli_sql_exception: Table 'db_monitoring_magang.user' doesn't exist in D:\A_PERKULIAHAN\SEMESTER 7\SKRIPSI NADILA CANTIK\CODING SIM MAGANG NADILA\SIM MAGANG\system\Database\MySQLi\Connection.php:327
Stack trace:
#0 D:\A_PERKULIAHAN\SEMESTER 7\SKRIPSI NADILA CANTIK\CODING SIM MAGANG NADILA\SIM MAGANG\system\Database\MySQLi\Connection.php(327): mysqli->query('INSERT INTO `us...', 0)
#1 D:\A_PERKULIAHAN\SEMESTER 7\SKRIPSI NADILA CANTIK\CODING SIM MAGANG NADILA\SIM MAGANG\system\Database\BaseConnection.php(729): CodeIgniter\Database\MySQLi\Connection->execute('INSERT INTO `us...')
#2 D:\A_PERKULIAHAN\SEMESTER 7\SKRIPSI NADILA CANTIK\CODING SIM MAGANG NADILA\SIM MAGANG\system\Database\BaseConnection.php(646): CodeIgniter\Database\BaseConnection->simpleQuery('INSERT INTO `us...')
#3 D:\A_PERKULIAHAN\SEMESTER 7\SKRIPSI NADILA CANTIK\CODING SIM MAGANG NADILA\SIM MAGANG\system\Database\BaseBuilder.php(2345): CodeIgniter\Database\BaseConnection->query('INSERT INTO `us...', Array, false)
#4 D:\A_PERKULIAHAN\SEMESTER 7\SKRIPSI NADILA CANTIK\CODING SIM MAGANG NADILA\SIM MAGANG\system\Model.php(394): CodeIgniter\Database\BaseBuilder->insert()
#5 D:\A_PERKULIAHAN\SEMESTER 7\SKRIPSI NADILA CANTIK\CODING SIM MAGANG NADILA\SIM MAGANG\system\BaseModel.php(838): CodeIgniter\Model->doInsert(Array)
#6 D:\A_PERKULIAHAN\SEMESTER 7\SKRIPSI NADILA CANTIK\CODING SIM MAGANG NADILA\SIM MAGANG\system\Model.php(797): CodeIgniter\BaseModel->insert(Array, true)
#7 D:\A_PERKULIAHAN\SEMESTER 7\SKRIPSI NADILA CANTIK\CODING SIM MAGANG NADILA\SIM MAGANG\app\Controllers\Kelola_user.php(103): CodeIgniter\Model->insert(Array)
#8 D:\A_PERKULIAHAN\SEMESTER 7\SKRIPSI NADILA CANTIK\CODING SIM MAGANG NADILA\SIM MAGANG\system\CodeIgniter.php(933): App\Controllers\Kelola_user->simpanAjax()
#9 D:\A_PERKULIAHAN\SEMESTER 7\SKRIPSI NADILA CANTIK\CODING SIM MAGANG NADILA\SIM MAGANG\system\CodeIgniter.php(507): CodeIgniter\CodeIgniter->runController(Object(App\Controllers\Kelola_user))
#10 D:\A_PERKULIAHAN\SEMESTER 7\SKRIPSI NADILA CANTIK\CODING SIM MAGANG NADILA\SIM MAGANG\system\CodeIgniter.php(354): CodeIgniter\CodeIgniter->handleRequest(NULL, Object(Config\Cache), false)
#11 D:\A_PERKULIAHAN\SEMESTER 7\SKRIPSI NADILA CANTIK\CODING SIM MAGANG NADILA\SIM MAGANG\system\Boot.php(363): CodeIgniter\CodeIgniter->run()
#12 D:\A_PERKULIAHAN\SEMESTER 7\SKRIPSI NADILA CANTIK\CODING SIM MAGANG NADILA\SIM MAGANG\system\Boot.php(68): CodeIgniter\Boot::runCodeIgniter(Object(CodeIgniter\CodeIgniter))
#13 D:\A_PERKULIAHAN\SEMESTER 7\SKRIPSI NADILA CANTIK\CODING SIM MAGANG NADILA\SIM MAGANG\public\index.php(59): CodeIgniter\Boot::bootWeb(Object(Config\Paths))
#14 D:\A_PERKULIAHAN\SEMESTER 7\SKRIPSI NADILA CANTIK\CODING SIM MAGANG NADILA\SIM MAGANG\system\rewrite.php(44): require_once('D:\\A_PERKULIAHA...')
#15 {main}
CRITICAL - 2025-09-26 08:15:51 --> CodeIgniter\Database\Exceptions\DatabaseException: Table 'db_monitoring_magang.user' doesn't exist
[Method: POST, Route: kelola_user/simpanAjax]
in SYSTEMPATH\Database\BaseConnection.php on line 684.
 1 SYSTEMPATH\Database\BaseBuilder.php(2345): CodeIgniter\Database\BaseConnection->query('INSERT INTO `users` (`username`, `password`, `role`, `status`, `nim`, `nppy`, `id_unit`) VALUES (:username:, :password:, :role:, :status:, :nim:, :nppy:, :id_unit:)', [...], false)
 2 SYSTEMPATH\Model.php(394): CodeIgniter\Database\BaseBuilder->insert()
 3 SYSTEMPATH\BaseModel.php(838): CodeIgniter\Model->doInsert([...])
 4 SYSTEMPATH\Model.php(797): CodeIgniter\BaseModel->insert([...], true)
 5 APPPATH\Controllers\Kelola_user.php(103): CodeIgniter\Model->insert([...])
 6 SYSTEMPATH\CodeIgniter.php(933): App\Controllers\Kelola_user->simpanAjax()
 7 SYSTEMPATH\CodeIgniter.php(507): CodeIgniter\CodeIgniter->runController(Object(App\Controllers\Kelola_user))
 8 SYSTEMPATH\CodeIgniter.php(354): CodeIgniter\CodeIgniter->handleRequest(null, Object(Config\Cache), false)
 9 SYSTEMPATH\Boot.php(363): CodeIgniter\CodeIgniter->run()
10 SYSTEMPATH\Boot.php(68): CodeIgniter\Boot::runCodeIgniter(Object(CodeIgniter\CodeIgniter))
11 FCPATH\index.php(59): CodeIgniter\Boot::bootWeb(Object(Config\Paths))
12 SYSTEMPATH\rewrite.php(44): require_once('D:\\A_PERKULIAHAN\\SEMESTER 7\\SKRIPSI NADILA CANTIK\\CODING SIM MAGANG NADILA\\SIM MAGANG\\public\\index.php')
CRITICAL - 2025-09-26 08:15:51 --> [Caused by] CodeIgniter\Database\Exceptions\DatabaseException: Table 'db_monitoring_magang.user' doesn't exist
in SYSTEMPATH\Database\MySQLi\Connection.php on line 332.
 1 SYSTEMPATH\Database\BaseConnection.php(729): CodeIgniter\Database\MySQLi\Connection->execute('INSERT INTO `users` (`username`, `password`, `role`, `status`, `nim`, `nppy`, `id_unit`) VALUES (\'22.230.0072\', \'$2y$10$HSz0JXcwcbrPJectOkcWa.m8pR7Hu3cujhzYpyIHzgvJ5GXTEOBHG\', \'mahasiswa\', \'aktif\', \'22.230.0072\', \'\', \'\')')
 2 SYSTEMPATH\Database\BaseConnection.php(646): CodeIgniter\Database\BaseConnection->simpleQuery('INSERT INTO `users` (`username`, `password`, `role`, `status`, `nim`, `nppy`, `id_unit`) VALUES (\'22.230.0072\', \'$2y$10$HSz0JXcwcbrPJectOkcWa.m8pR7Hu3cujhzYpyIHzgvJ5GXTEOBHG\', \'mahasiswa\', \'aktif\', \'22.230.0072\', \'\', \'\')')
 3 SYSTEMPATH\Database\BaseBuilder.php(2345): CodeIgniter\Database\BaseConnection->query('INSERT INTO `users` (`username`, `password`, `role`, `status`, `nim`, `nppy`, `id_unit`) VALUES (:username:, :password:, :role:, :status:, :nim:, :nppy:, :id_unit:)', [...], false)
 4 SYSTEMPATH\Model.php(394): CodeIgniter\Database\BaseBuilder->insert()
 5 SYSTEMPATH\BaseModel.php(838): CodeIgniter\Model->doInsert([...])
 6 SYSTEMPATH\Model.php(797): CodeIgniter\BaseModel->insert([...], true)
 7 APPPATH\Controllers\Kelola_user.php(103): CodeIgniter\Model->insert([...])
 8 SYSTEMPATH\CodeIgniter.php(933): App\Controllers\Kelola_user->simpanAjax()
 9 SYSTEMPATH\CodeIgniter.php(507): CodeIgniter\CodeIgniter->runController(Object(App\Controllers\Kelola_user))
10 SYSTEMPATH\CodeIgniter.php(354): CodeIgniter\CodeIgniter->handleRequest(null, Object(Config\Cache), false)
11 SYSTEMPATH\Boot.php(363): CodeIgniter\CodeIgniter->run()
12 SYSTEMPATH\Boot.php(68): CodeIgniter\Boot::runCodeIgniter(Object(CodeIgniter\CodeIgniter))
13 FCPATH\index.php(59): CodeIgniter\Boot::bootWeb(Object(Config\Paths))
14 SYSTEMPATH\rewrite.php(44): require_once('D:\\A_PERKULIAHAN\\SEMESTER 7\\SKRIPSI NADILA CANTIK\\CODING SIM MAGANG NADILA\\SIM MAGANG\\public\\index.php')
CRITICAL - 2025-09-26 08:15:51 --> [Caused by] mysqli_sql_exception: Table 'db_monitoring_magang.user' doesn't exist
in SYSTEMPATH\Database\MySQLi\Connection.php on line 327.
 1 SYSTEMPATH\Database\MySQLi\Connection.php(327): mysqli->query('INSERT INTO `users` (`username`, `password`, `role`, `status`, `nim`, `nppy`, `id_unit`) VALUES (\'22.230.0072\', \'$2y$10$HSz0JXcwcbrPJectOkcWa.m8pR7Hu3cujhzYpyIHzgvJ5GXTEOBHG\', \'mahasiswa\', \'aktif\', \'22.230.0072\', \'\', \'\')', 0)
 2 SYSTEMPATH\Database\BaseConnection.php(729): CodeIgniter\Database\MySQLi\Connection->execute('INSERT INTO `users` (`username`, `password`, `role`, `status`, `nim`, `nppy`, `id_unit`) VALUES (\'22.230.0072\', \'$2y$10$HSz0JXcwcbrPJectOkcWa.m8pR7Hu3cujhzYpyIHzgvJ5GXTEOBHG\', \'mahasiswa\', \'aktif\', \'22.230.0072\', \'\', \'\')')
 3 SYSTEMPATH\Database\BaseConnection.php(646): CodeIgniter\Database\BaseConnection->simpleQuery('INSERT INTO `users` (`username`, `password`, `role`, `status`, `nim`, `nppy`, `id_unit`) VALUES (\'22.230.0072\', \'$2y$10$HSz0JXcwcbrPJectOkcWa.m8pR7Hu3cujhzYpyIHzgvJ5GXTEOBHG\', \'mahasiswa\', \'aktif\', \'22.230.0072\', \'\', \'\')')
 4 SYSTEMPATH\Database\BaseBuilder.php(2345): CodeIgniter\Database\BaseConnection->query('INSERT INTO `users` (`username`, `password`, `role`, `status`, `nim`, `nppy`, `id_unit`) VALUES (:username:, :password:, :role:, :status:, :nim:, :nppy:, :id_unit:)', [...], false)
 5 SYSTEMPATH\Model.php(394): CodeIgniter\Database\BaseBuilder->insert()
 6 SYSTEMPATH\BaseModel.php(838): CodeIgniter\Model->doInsert([...])
 7 SYSTEMPATH\Model.php(797): CodeIgniter\BaseModel->insert([...], true)
 8 APPPATH\Controllers\Kelola_user.php(103): CodeIgniter\Model->insert([...])
 9 SYSTEMPATH\CodeIgniter.php(933): App\Controllers\Kelola_user->simpanAjax()
10 SYSTEMPATH\CodeIgniter.php(507): CodeIgniter\CodeIgniter->runController(Object(App\Controllers\Kelola_user))
11 SYSTEMPATH\CodeIgniter.php(354): CodeIgniter\CodeIgniter->handleRequest(null, Object(Config\Cache), false)
12 SYSTEMPATH\Boot.php(363): CodeIgniter\CodeIgniter->run()
13 SYSTEMPATH\Boot.php(68): CodeIgniter\Boot::runCodeIgniter(Object(CodeIgniter\CodeIgniter))
14 FCPATH\index.php(59): CodeIgniter\Boot::bootWeb(Object(Config\Paths))
15 SYSTEMPATH\rewrite.php(44): require_once('D:\\A_PERKULIAHAN\\SEMESTER 7\\SKRIPSI NADILA CANTIK\\CODING SIM MAGANG NADILA\\SIM MAGANG\\public\\index.php')
CRITICAL - 2025-09-26 08:23:07 --> ErrorException: Undefined variable $users
[Method: GET, Route: kelola_user]
in APPPATH\Views\admin\kelola_user.php on line 44.
 1 APPPATH\Views\admin\kelola_user.php(44): CodeIgniter\Debug\Exceptions->errorHandler(2, 'Undefined variable $users', 'D:\\A_PERKULIAHAN\\SEMESTER 7\\SKRIPSI NADILA CANTIK\\CODING SIM MAGANG NADILA\\SIM MAGANG\\app\\Views\\admin\\kelola_user.php', 44)
 2 SYSTEMPATH\View\View.php(226): include('D:\\A_PERKULIAHAN\\SEMESTER 7\\SKRIPSI NADILA CANTIK\\CODING SIM MAGANG NADILA\\SIM MAGANG\\app\\Views\\admin\\kelola_user.php')
 3 SYSTEMPATH\View\View.php(229): CodeIgniter\View\View->CodeIgniter\View\{closure}()
 4 SYSTEMPATH\Common.php(1167): CodeIgniter\View\View->render('admin/kelola_user', [], true)
 5 APPPATH\Controllers\Kelola_user.php(26): view('admin/kelola_user', [...])
 6 SYSTEMPATH\CodeIgniter.php(933): App\Controllers\Kelola_user->index()
 7 SYSTEMPATH\CodeIgniter.php(507): CodeIgniter\CodeIgniter->runController(Object(App\Controllers\Kelola_user))
 8 SYSTEMPATH\CodeIgniter.php(354): CodeIgniter\CodeIgniter->handleRequest(null, Object(Config\Cache), false)
 9 SYSTEMPATH\Boot.php(363): CodeIgniter\CodeIgniter->run()
10 SYSTEMPATH\Boot.php(68): CodeIgniter\Boot::runCodeIgniter(Object(CodeIgniter\CodeIgniter))
11 FCPATH\index.php(59): CodeIgniter\Boot::bootWeb(Object(Config\Paths))
12 SYSTEMPATH\rewrite.php(44): require_once('D:\\A_PERKULIAHAN\\SEMESTER 7\\SKRIPSI NADILA CANTIK\\CODING SIM MAGANG NADILA\\SIM MAGANG\\public\\index.php')
CRITICAL - 2025-09-26 08:23:08 --> ErrorException: Undefined variable $users
[Method: GET, Route: kelola_user]
in APPPATH\Views\admin\kelola_user.php on line 44.
 1 APPPATH\Views\admin\kelola_user.php(44): CodeIgniter\Debug\Exceptions->errorHandler(2, 'Undefined variable $users', 'D:\\A_PERKULIAHAN\\SEMESTER 7\\SKRIPSI NADILA CANTIK\\CODING SIM MAGANG NADILA\\SIM MAGANG\\app\\Views\\admin\\kelola_user.php', 44)
 2 SYSTEMPATH\View\View.php(226): include('D:\\A_PERKULIAHAN\\SEMESTER 7\\SKRIPSI NADILA CANTIK\\CODING SIM MAGANG NADILA\\SIM MAGANG\\app\\Views\\admin\\kelola_user.php')
 3 SYSTEMPATH\View\View.php(229): CodeIgniter\View\View->CodeIgniter\View\{closure}()
 4 SYSTEMPATH\Common.php(1167): CodeIgniter\View\View->render('admin/kelola_user', [], true)
 5 APPPATH\Controllers\Kelola_user.php(26): view('admin/kelola_user', [...])
 6 SYSTEMPATH\CodeIgniter.php(933): App\Controllers\Kelola_user->index()
 7 SYSTEMPATH\CodeIgniter.php(507): CodeIgniter\CodeIgniter->runController(Object(App\Controllers\Kelola_user))
 8 SYSTEMPATH\CodeIgniter.php(354): CodeIgniter\CodeIgniter->handleRequest(null, Object(Config\Cache), false)
 9 SYSTEMPATH\Boot.php(363): CodeIgniter\CodeIgniter->run()
10 SYSTEMPATH\Boot.php(68): CodeIgniter\Boot::runCodeIgniter(Object(CodeIgniter\CodeIgniter))
11 FCPATH\index.php(59): CodeIgniter\Boot::bootWeb(Object(Config\Paths))
12 SYSTEMPATH\rewrite.php(44): require_once('D:\\A_PERKULIAHAN\\SEMESTER 7\\SKRIPSI NADILA CANTIK\\CODING SIM MAGANG NADILA\\SIM MAGANG\\public\\index.php')
ERROR - 2025-09-26 08:25:25 --> mysqli_sql_exception: Cannot add or update a child row: a foreign key constraint fails (`db_monitoring_magang`.`user`, CONSTRAINT `user_ibfk_2` FOREIGN KEY (`nppy`) REFERENCES `dosen` (`nppy`) ON DELETE CASCADE ON UPDATE CASCADE) in D:\A_PERKULIAHAN\SEMESTER 7\SKRIPSI NADILA CANTIK\CODING SIM MAGANG NADILA\SIM MAGANG\system\Database\MySQLi\Connection.php:327
Stack trace:
#0 D:\A_PERKULIAHAN\SEMESTER 7\SKRIPSI NADILA CANTIK\CODING SIM MAGANG NADILA\SIM MAGANG\system\Database\MySQLi\Connection.php(327): mysqli->query('INSERT INTO `us...', 0)
#1 D:\A_PERKULIAHAN\SEMESTER 7\SKRIPSI NADILA CANTIK\CODING SIM MAGANG NADILA\SIM MAGANG\system\Database\BaseConnection.php(729): CodeIgniter\Database\MySQLi\Connection->execute('INSERT INTO `us...')
#2 D:\A_PERKULIAHAN\SEMESTER 7\SKRIPSI NADILA CANTIK\CODING SIM MAGANG NADILA\SIM MAGANG\system\Database\BaseConnection.php(646): CodeIgniter\Database\BaseConnection->simpleQuery('INSERT INTO `us...')
#3 D:\A_PERKULIAHAN\SEMESTER 7\SKRIPSI NADILA CANTIK\CODING SIM MAGANG NADILA\SIM MAGANG\system\Database\BaseBuilder.php(2345): CodeIgniter\Database\BaseConnection->query('INSERT INTO `us...', Array, false)
#4 D:\A_PERKULIAHAN\SEMESTER 7\SKRIPSI NADILA CANTIK\CODING SIM MAGANG NADILA\SIM MAGANG\system\Model.php(394): CodeIgniter\Database\BaseBuilder->insert()
#5 D:\A_PERKULIAHAN\SEMESTER 7\SKRIPSI NADILA CANTIK\CODING SIM MAGANG NADILA\SIM MAGANG\system\BaseModel.php(838): CodeIgniter\Model->doInsert(Array)
#6 D:\A_PERKULIAHAN\SEMESTER 7\SKRIPSI NADILA CANTIK\CODING SIM MAGANG NADILA\SIM MAGANG\system\Model.php(797): CodeIgniter\BaseModel->insert(Array, true)
#7 D:\A_PERKULIAHAN\SEMESTER 7\SKRIPSI NADILA CANTIK\CODING SIM MAGANG NADILA\SIM MAGANG\app\Controllers\Kelola_user.php(103): CodeIgniter\Model->insert(Array)
#8 D:\A_PERKULIAHAN\SEMESTER 7\SKRIPSI NADILA CANTIK\CODING SIM MAGANG NADILA\SIM MAGANG\system\CodeIgniter.php(933): App\Controllers\Kelola_user->simpanAjax()
#9 D:\A_PERKULIAHAN\SEMESTER 7\SKRIPSI NADILA CANTIK\CODING SIM MAGANG NADILA\SIM MAGANG\system\CodeIgniter.php(507): CodeIgniter\CodeIgniter->runController(Object(App\Controllers\Kelola_user))
#10 D:\A_PERKULIAHAN\SEMESTER 7\SKRIPSI NADILA CANTIK\CODING SIM MAGANG NADILA\SIM MAGANG\system\CodeIgniter.php(354): CodeIgniter\CodeIgniter->handleRequest(NULL, Object(Config\Cache), false)
#11 D:\A_PERKULIAHAN\SEMESTER 7\SKRIPSI NADILA CANTIK\CODING SIM MAGANG NADILA\SIM MAGANG\system\Boot.php(363): CodeIgniter\CodeIgniter->run()
#12 D:\A_PERKULIAHAN\SEMESTER 7\SKRIPSI NADILA CANTIK\CODING SIM MAGANG NADILA\SIM MAGANG\system\Boot.php(68): CodeIgniter\Boot::runCodeIgniter(Object(CodeIgniter\CodeIgniter))
#13 D:\A_PERKULIAHAN\SEMESTER 7\SKRIPSI NADILA CANTIK\CODING SIM MAGANG NADILA\SIM MAGANG\public\index.php(59): CodeIgniter\Boot::bootWeb(Object(Config\Paths))
#14 D:\A_PERKULIAHAN\SEMESTER 7\SKRIPSI NADILA CANTIK\CODING SIM MAGANG NADILA\SIM MAGANG\system\rewrite.php(44): require_once('D:\\A_PERKULIAHA...')
#15 {main}
CRITICAL - 2025-09-26 08:25:25 --> CodeIgniter\Database\Exceptions\DatabaseException: Cannot add or update a child row: a foreign key constraint fails (`db_monitoring_magang`.`user`, CONSTRAINT `user_ibfk_2` FOREIGN KEY (`nppy`) REFERENCES `dosen` (`nppy`) ON DELETE CASCADE ON UPDATE CASCADE)
[Method: POST, Route: kelola_user/simpanAjax]
in SYSTEMPATH\Database\BaseConnection.php on line 684.
 1 SYSTEMPATH\Database\BaseBuilder.php(2345): CodeIgniter\Database\BaseConnection->query('INSERT INTO `user` (`username`, `password`, `role`, `status`, `nim`, `nppy`, `id_unit`) VALUES (:username:, :password:, :role:, :status:, :nim:, :nppy:, :id_unit:)', [...], false)
 2 SYSTEMPATH\Model.php(394): CodeIgniter\Database\BaseBuilder->insert()
 3 SYSTEMPATH\BaseModel.php(838): CodeIgniter\Model->doInsert([...])
 4 SYSTEMPATH\Model.php(797): CodeIgniter\BaseModel->insert([...], true)
 5 APPPATH\Controllers\Kelola_user.php(103): CodeIgniter\Model->insert([...])
 6 SYSTEMPATH\CodeIgniter.php(933): App\Controllers\Kelola_user->simpanAjax()
 7 SYSTEMPATH\CodeIgniter.php(507): CodeIgniter\CodeIgniter->runController(Object(App\Controllers\Kelola_user))
 8 SYSTEMPATH\CodeIgniter.php(354): CodeIgniter\CodeIgniter->handleRequest(null, Object(Config\Cache), false)
 9 SYSTEMPATH\Boot.php(363): CodeIgniter\CodeIgniter->run()
10 SYSTEMPATH\Boot.php(68): CodeIgniter\Boot::runCodeIgniter(Object(CodeIgniter\CodeIgniter))
11 FCPATH\index.php(59): CodeIgniter\Boot::bootWeb(Object(Config\Paths))
12 SYSTEMPATH\rewrite.php(44): require_once('D:\\A_PERKULIAHAN\\SEMESTER 7\\SKRIPSI NADILA CANTIK\\CODING SIM MAGANG NADILA\\SIM MAGANG\\public\\index.php')
CRITICAL - 2025-09-26 08:25:25 --> [Caused by] CodeIgniter\Database\Exceptions\DatabaseException: Cannot add or update a child row: a foreign key constraint fails (`db_monitoring_magang`.`user`, CONSTRAINT `user_ibfk_2` FOREIGN KEY (`nppy`) REFERENCES `dosen` (`nppy`) ON DELETE CASCADE ON UPDATE CASCADE)
in SYSTEMPATH\Database\MySQLi\Connection.php on line 332.
 1 SYSTEMPATH\Database\BaseConnection.php(729): CodeIgniter\Database\MySQLi\Connection->execute('INSERT INTO `user` (`username`, `password`, `role`, `status`, `nim`, `nppy`, `id_unit`) VALUES (\'22.230.0072\', \'$2y$10$1t6alsXvXQLMspzCzE1Sau/dnpMGYztwCkYlicGpKTLdDkeO44ia6\', \'mahasiswa\', \'aktif\', \'22.230.0072\', \'\', \'\')')
 2 SYSTEMPATH\Database\BaseConnection.php(646): CodeIgniter\Database\BaseConnection->simpleQuery('INSERT INTO `user` (`username`, `password`, `role`, `status`, `nim`, `nppy`, `id_unit`) VALUES (\'22.230.0072\', \'$2y$10$1t6alsXvXQLMspzCzE1Sau/dnpMGYztwCkYlicGpKTLdDkeO44ia6\', \'mahasiswa\', \'aktif\', \'22.230.0072\', \'\', \'\')')
 3 SYSTEMPATH\Database\BaseBuilder.php(2345): CodeIgniter\Database\BaseConnection->query('INSERT INTO `user` (`username`, `password`, `role`, `status`, `nim`, `nppy`, `id_unit`) VALUES (:username:, :password:, :role:, :status:, :nim:, :nppy:, :id_unit:)', [...], false)
 4 SYSTEMPATH\Model.php(394): CodeIgniter\Database\BaseBuilder->insert()
 5 SYSTEMPATH\BaseModel.php(838): CodeIgniter\Model->doInsert([...])
 6 SYSTEMPATH\Model.php(797): CodeIgniter\BaseModel->insert([...], true)
 7 APPPATH\Controllers\Kelola_user.php(103): CodeIgniter\Model->insert([...])
 8 SYSTEMPATH\CodeIgniter.php(933): App\Controllers\Kelola_user->simpanAjax()
 9 SYSTEMPATH\CodeIgniter.php(507): CodeIgniter\CodeIgniter->runController(Object(App\Controllers\Kelola_user))
10 SYSTEMPATH\CodeIgniter.php(354): CodeIgniter\CodeIgniter->handleRequest(null, Object(Config\Cache), false)
11 SYSTEMPATH\Boot.php(363): CodeIgniter\CodeIgniter->run()
12 SYSTEMPATH\Boot.php(68): CodeIgniter\Boot::runCodeIgniter(Object(CodeIgniter\CodeIgniter))
13 FCPATH\index.php(59): CodeIgniter\Boot::bootWeb(Object(Config\Paths))
14 SYSTEMPATH\rewrite.php(44): require_once('D:\\A_PERKULIAHAN\\SEMESTER 7\\SKRIPSI NADILA CANTIK\\CODING SIM MAGANG NADILA\\SIM MAGANG\\public\\index.php')
CRITICAL - 2025-09-26 08:25:25 --> [Caused by] mysqli_sql_exception: Cannot add or update a child row: a foreign key constraint fails (`db_monitoring_magang`.`user`, CONSTRAINT `user_ibfk_2` FOREIGN KEY (`nppy`) REFERENCES `dosen` (`nppy`) ON DELETE CASCADE ON UPDATE CASCADE)
in SYSTEMPATH\Database\MySQLi\Connection.php on line 327.
 1 SYSTEMPATH\Database\MySQLi\Connection.php(327): mysqli->query('INSERT INTO `user` (`username`, `password`, `role`, `status`, `nim`, `nppy`, `id_unit`) VALUES (\'22.230.0072\', \'$2y$10$1t6alsXvXQLMspzCzE1Sau/dnpMGYztwCkYlicGpKTLdDkeO44ia6\', \'mahasiswa\', \'aktif\', \'22.230.0072\', \'\', \'\')', 0)
 2 SYSTEMPATH\Database\BaseConnection.php(729): CodeIgniter\Database\MySQLi\Connection->execute('INSERT INTO `user` (`username`, `password`, `role`, `status`, `nim`, `nppy`, `id_unit`) VALUES (\'22.230.0072\', \'$2y$10$1t6alsXvXQLMspzCzE1Sau/dnpMGYztwCkYlicGpKTLdDkeO44ia6\', \'mahasiswa\', \'aktif\', \'22.230.0072\', \'\', \'\')')
 3 SYSTEMPATH\Database\BaseConnection.php(646): CodeIgniter\Database\BaseConnection->simpleQuery('INSERT INTO `user` (`username`, `password`, `role`, `status`, `nim`, `nppy`, `id_unit`) VALUES (\'22.230.0072\', \'$2y$10$1t6alsXvXQLMspzCzE1Sau/dnpMGYztwCkYlicGpKTLdDkeO44ia6\', \'mahasiswa\', \'aktif\', \'22.230.0072\', \'\', \'\')')
 4 SYSTEMPATH\Database\BaseBuilder.php(2345): CodeIgniter\Database\BaseConnection->query('INSERT INTO `user` (`username`, `password`, `role`, `status`, `nim`, `nppy`, `id_unit`) VALUES (:username:, :password:, :role:, :status:, :nim:, :nppy:, :id_unit:)', [...], false)
 5 SYSTEMPATH\Model.php(394): CodeIgniter\Database\BaseBuilder->insert()
 6 SYSTEMPATH\BaseModel.php(838): CodeIgniter\Model->doInsert([...])
 7 SYSTEMPATH\Model.php(797): CodeIgniter\BaseModel->insert([...], true)
 8 APPPATH\Controllers\Kelola_user.php(103): CodeIgniter\Model->insert([...])
 9 SYSTEMPATH\CodeIgniter.php(933): App\Controllers\Kelola_user->simpanAjax()
10 SYSTEMPATH\CodeIgniter.php(507): CodeIgniter\CodeIgniter->runController(Object(App\Controllers\Kelola_user))
11 SYSTEMPATH\CodeIgniter.php(354): CodeIgniter\CodeIgniter->handleRequest(null, Object(Config\Cache), false)
12 SYSTEMPATH\Boot.php(363): CodeIgniter\CodeIgniter->run()
13 SYSTEMPATH\Boot.php(68): CodeIgniter\Boot::runCodeIgniter(Object(CodeIgniter\CodeIgniter))
14 FCPATH\index.php(59): CodeIgniter\Boot::bootWeb(Object(Config\Paths))
15 SYSTEMPATH\rewrite.php(44): require_once('D:\\A_PERKULIAHAN\\SEMESTER 7\\SKRIPSI NADILA CANTIK\\CODING SIM MAGANG NADILA\\SIM MAGANG\\public\\index.php')
